2025-09-23 22:27:11 | INFO | Sent message to Kafka topic 'project_json': {'message': 'I just tried game! It was funny.', 'author': 'Eve', 'timestamp': '2025-09-23 22:27:11', 'category': 'gaming', 'sentiment': 0.73, 'keyword_mentioned': 'game', 'message_length': 32}
2025-09-23 22:27:16 | INFO | {'message': 'I just tried a trick! It was amazing.', 'author': 'Bob', 'timestamp': '2025-09-23 22:27:16', 'category': 'other', 'sentiment': 0.47, 'keyword_mentioned': 'other', 'message_length': 37}
2025-09-23 22:27:16 | INFO | Sent message to Kafka topic 'project_json': {'message': 'I just tried a trick! It was amazing.', 'author': 'Bob', 'timestamp': '2025-09-23 22:27:16', 'category': 'other', 'sentiment': 0.47, 'keyword_mentioned': 'other', 'message_length': 37}
2025-09-23 22:27:18 | INFO | Logging to file: logs/project_log.log
2025-09-23 22:27:18 | INFO | Log sanitization enabled, personal info removed
2025-09-23 22:27:19 | INFO | Starting consumer for topic 'buzzline_json', group 'buzz_group'
2025-09-23 22:27:19 | INFO | Kafka broker address: localhost:9092
2025-09-23 22:27:19 | INFO | Creating Kafka consumer. Topic='buzzline_json' and group ID='buzz_group'.
2025-09-23 22:27:19 | INFO | Kafka consumer created successfully.
2025-09-23 22:27:21 | INFO | {'message': 'I just found a meme! It was exciting.', 'author': 'Alice', 'timestamp': '2025-09-23 22:27:21', 'category': 'humor', 'sentiment': 0.78, 'keyword_mentioned': 'meme', 'message_length': 37}
2025-09-23 22:27:21 | INFO | Sent message to Kafka topic 'project_json': {'message': 'I just found a meme! It was exciting.', 'author': 'Alice', 'timestamp': '2025-09-23 22:27:21', 'category': 'humor', 'sentiment': 0.78, 'keyword_mentioned': 'meme', 'message_length': 37}
2025-09-23 22:27:22 | INFO | Consumer closed
2025-09-23 22:27:26 | INFO | {'message': 'I just saw a story! It was weird.', 'author': 'Alice', 'timestamp': '2025-09-23 22:27:26', 'category': 'other', 'sentiment': 0.26, 'keyword_mentioned': 'other', 'message_length': 33}
2025-09-23 22:27:26 | INFO | Sent message to Kafka topic 'project_json': {'message': 'I just saw a story! It was weird.', 'author': 'Alice', 'timestamp': '2025-09-23 22:27:26', 'category': 'other', 'sentiment': 0.26, 'keyword_mentioned': 'other', 'message_length': 33}
2025-09-23 22:27:31 | INFO | {'message': 'I just shared a meme! It was boring.', 'author': 'Eve', 'timestamp': '2025-09-23 22:27:31', 'category': 'humor', 'sentiment': 0.72, 'keyword_mentioned': 'meme', 'message_length': 36}
2025-09-23 22:27:31 | INFO | Sent message to Kafka topic 'project_json': {'message': 'I just shared a meme! It was boring.', 'author': 'Eve', 'timestamp': '2025-09-23 22:27:31', 'category': 'humor', 'sentiment': 0.72, 'keyword_mentioned': 'meme', 'message_length': 36}
2025-09-23 22:27:36 | INFO | {'message': 'I just loved a story! It was weird.', 'author': 'Charlie', 'timestamp': '2025-09-23 22:27:36', 'category': 'other', 'sentiment': 0.06, 'keyword_mentioned': 'other', 'message_length': 35}
2025-09-23 22:27:36 | INFO | Sent message to Kafka topic 'project_json': {'message': 'I just loved a story! It was weird.', 'author': 'Charlie', 'timestamp': '2025-09-23 22:27:36', 'category': 'other', 'sentiment': 0.06, 'keyword_mentioned': 'other', 'message_length': 35}
2025-09-23 22:27:41 | INFO | {'message': 'I just loved a movie! It was exciting.', 'author': 'Charlie', 'timestamp': '2025-09-23 22:27:41', 'category': 'entertainment', 'sentiment': 0.44, 'keyword_mentioned': 'movie', 'message_length': 38}
2025-09-23 22:27:41 | INFO | Sent message to Kafka topic 'project_json': {'message': 'I just loved a movie! It was exciting.', 'author': 'Charlie', 'timestamp': '2025-09-23 22:27:41', 'category': 'entertainment', 'sentiment': 0.44, 'keyword_mentioned': 'movie', 'message_length': 38}
2025-09-23 22:27:46 | INFO | {'message': 'I just saw a movie! It was amazing.', 'author': 'Bob', 'timestamp': '2025-09-23 22:27:46', 'category': 'entertainment', 'sentiment': 0.53, 'keyword_mentioned': 'movie', 'message_length': 35}
2025-09-23 22:27:46 | INFO | Sent message to Kafka topic 'project_json': {'message': 'I just saw a movie! It was amazing.', 'author': 'Bob', 'timestamp': '2025-09-23 22:27:46', 'category': 'entertainment', 'sentiment': 0.53, 'keyword_mentioned': 'movie', 'message_length': 35}
2025-09-23 22:27:51 | INFO | {'message': 'I just tried recipe! It was weird.', 'author': 'Bob', 'timestamp': '2025-09-23 22:27:51', 'category': 'food', 'sentiment': 0.57, 'keyword_mentioned': 'recipe', 'message_length': 34}
2025-09-23 22:27:51 | INFO | Sent message to Kafka topic 'project_json': {'message': 'I just tried recipe! It was weird.', 'author': 'Bob', 'timestamp': '2025-09-23 22:27:51', 'category': 'food', 'sentiment': 0.57, 'keyword_mentioned': 'recipe', 'message_length': 34}
2025-09-23 22:27:52 | WARNING | Producer interrupted by user.
2025-09-23 22:27:52 | INFO | Kafka producer closed.
2025-09-23 22:27:52 | INFO | Producer shutting down.
2025-09-23 22:30:50 | INFO | Logging to file: logs/project_log.log
2025-09-23 22:30:50 | INFO | Log sanitization enabled, personal info removed
2025-09-23 22:30:50 | INFO | START producer...
2025-09-23 22:30:50 | INFO | Kafka producer connected to localhost:9092
2025-09-23 22:30:50 | INFO | {'message': 'I just loved game! It was boring.', 'author': 'Eve', 'timestamp': '2025-09-23 22:30:50', 'category': 'gaming', 'sentiment': 0.86, 'keyword_mentioned': 'game', 'message_length': 33}
2025-09-23 22:30:50 | INFO | Sent message to Kafka topic 'project_json': {'message': 'I just loved game! It was boring.', 'author': 'Eve', 'timestamp': '2025-09-23 22:30:50', 'category': 'gaming', 'sentiment': 0.86, 'keyword_mentioned': 'game', 'message_length': 33}
2025-09-23 22:30:55 | INFO | {'message': 'I just shared travel! It was exciting.', 'author': 'Eve', 'timestamp': '2025-09-23 22:30:55', 'category': 'travel', 'sentiment': 0.97, 'keyword_mentioned': 'travel', 'message_length': 38}
2025-09-23 22:30:55 | INFO | Sent message to Kafka topic 'project_json': {'message': 'I just shared travel! It was exciting.', 'author': 'Eve', 'timestamp': '2025-09-23 22:30:55', 'category': 'travel', 'sentiment': 0.97, 'keyword_mentioned': 'travel', 'message_length': 38}
2025-09-23 22:31:00 | INFO | {'message': 'I just tried JavaScript! It was weird.', 'author': 'Eve', 'timestamp': '2025-09-23 22:31:00', 'category': 'tech', 'sentiment': 0.92, 'keyword_mentioned': 'JavaScript', 'message_length': 38}
2025-09-23 22:31:00 | INFO | Sent message to Kafka topic 'project_json': {'message': 'I just tried JavaScript! It was weird.', 'author': 'Eve', 'timestamp': '2025-09-23 22:31:00', 'category': 'tech', 'sentiment': 0.92, 'keyword_mentioned': 'JavaScript', 'message_length': 38}
2025-09-23 22:31:05 | INFO | {'message': 'I just tried a meme! It was amazing.', 'author': 'Bob', 'timestamp': '2025-09-23 22:31:05', 'category': 'humor', 'sentiment': 0.91, 'keyword_mentioned': 'meme', 'message_length': 36}
2025-09-23 22:31:05 | INFO | Sent message to Kafka topic 'project_json': {'message': 'I just tried a meme! It was amazing.', 'author': 'Bob', 'timestamp': '2025-09-23 22:31:05', 'category': 'humor', 'sentiment': 0.91, 'keyword_mentioned': 'meme', 'message_length': 36}
2025-09-23 22:31:10 | INFO | Logging to file: logs/project_log.log
2025-09-23 22:31:10 | INFO | Log sanitization enabled, personal info removed
2025-09-23 22:31:10 | INFO | Starting consumer for topic 'project_json', group 'buzz_group'
2025-09-23 22:31:10 | INFO | Kafka broker address: localhost:9092
2025-09-23 22:31:10 | INFO | Creating Kafka consumer. Topic='project_json' and group ID='buzz_group'.
2025-09-23 22:31:10 | INFO | {'message': 'I just saw an app! It was weird.', 'author': 'Bob', 'timestamp': '2025-09-23 22:31:10', 'category': 'other', 'sentiment': 0.24, 'keyword_mentioned': 'other', 'message_length': 32}
2025-09-23 22:31:10 | INFO | Sent message to Kafka topic 'project_json': {'message': 'I just saw an app! It was weird.', 'author': 'Bob', 'timestamp': '2025-09-23 22:31:10', 'category': 'other', 'sentiment': 0.24, 'keyword_mentioned': 'other', 'message_length': 32}
2025-09-23 22:31:10 | INFO | Kafka consumer created successfully.
2025-09-23 22:31:13 | ERROR | Error processing message: 'str' object has no attribute 'get'
2025-09-23 22:31:13 | ERROR | Error processing message: 'str' object has no attribute 'get'
2025-09-23 22:31:13 | ERROR | Error processing message: 'str' object has no attribute 'get'
2025-09-23 22:31:13 | ERROR | Error processing message: 'str' object has no attribute 'get'
2025-09-23 22:31:13 | ERROR | Error processing message: 'str' object has no attribute 'get'
2025-09-23 22:31:13 | ERROR | Error processing message: 'str' object has no attribute 'get'
2025-09-23 22:31:13 | ERROR | Error processing message: 'str' object has no attribute 'get'
2025-09-23 22:31:13 | ERROR | Error processing message: 'str' object has no attribute 'get'
2025-09-23 22:31:13 | ERROR | Error processing message: 'str' object has no attribute 'get'
2025-09-23 22:31:13 | ERROR | Error processing message: 'str' object has no attribute 'get'
2025-09-23 22:31:13 | ERROR | Error processing message: 'str' object has no attribute 'get'
2025-09-23 22:31:13 | ERROR | Error processing message: 'str' object has no attribute 'get'
2025-09-23 22:31:13 | ERROR | Error processing message: 'str' object has no attribute 'get'
2025-09-23 22:31:13 | ERROR | Error processing message: 'str' object has no attribute 'get'
2025-09-23 22:31:13 | ERROR | Error processing message: 'str' object has no attribute 'get'
2025-09-23 22:31:13 | ERROR | Error processing message: 'str' object has no attribute 'get'
2025-09-23 22:31:13 | ERROR | Error processing message: 'str' object has no attribute 'get'
2025-09-23 22:31:13 | ERROR | Error processing message: 'str' object has no attribute 'get'
2025-09-23 22:31:15 | INFO | {'message': 'I just shared a trick! It was boring.', 'author': 'Eve', 'timestamp': '2025-09-23 22:31:15', 'category': 'other', 'sentiment': 0.28, 'keyword_mentioned': 'other', 'message_length': 37}
2025-09-23 22:31:15 | INFO | Sent message to Kafka topic 'project_json': {'message': 'I just shared a trick! It was boring.', 'author': 'Eve', 'timestamp': '2025-09-23 22:31:15', 'category': 'other', 'sentiment': 0.28, 'keyword_mentioned': 'other', 'message_length': 37}
2025-09-23 22:31:15 | ERROR | Error processing message: 'str' object has no attribute 'get'
2025-09-23 22:31:20 | INFO | {'message': 'I just loved a movie! It was funny.', 'author': 'Eve', 'timestamp': '2025-09-23 22:31:20', 'category': 'entertainment', 'sentiment': 0.85, 'keyword_mentioned': 'movie', 'message_length': 35}
2025-09-23 22:31:20 | INFO | Sent message to Kafka topic 'project_json': {'message': 'I just loved a movie! It was funny.', 'author': 'Eve', 'timestamp': '2025-09-23 22:31:20', 'category': 'entertainment', 'sentiment': 0.85, 'keyword_mentioned': 'movie', 'message_length': 35}
2025-09-23 22:31:20 | ERROR | Error processing message: 'str' object has no attribute 'get'
2025-09-23 22:31:24 | WARNING | Consumer stopped by user.
2025-09-23 22:31:25 | INFO | {'message': 'I just shared an app! It was funny.', 'author': 'Charlie', 'timestamp': '2025-09-23 22:31:25', 'category': 'other', 'sentiment': 0.52, 'keyword_mentioned': 'other', 'message_length': 35}
2025-09-23 22:31:25 | INFO | Sent message to Kafka topic 'project_json': {'message': 'I just shared an app! It was funny.', 'author': 'Charlie', 'timestamp': '2025-09-23 22:31:25', 'category': 'other', 'sentiment': 0.52, 'keyword_mentioned': 'other', 'message_length': 35}
2025-09-23 22:31:27 | WARNING | Producer interrupted by user.
2025-09-23 22:31:27 | INFO | Kafka producer closed.
2025-09-23 22:31:27 | INFO | Producer shutting down.
2025-09-23 22:33:09 | INFO | Logging to file: logs/project_log.log
2025-09-23 22:33:09 | INFO | Log sanitization enabled, personal info removed
2025-09-23 22:33:09 | INFO | START producer...
2025-09-23 22:33:09 | INFO | Kafka producer connected to localhost:9092
2025-09-23 22:33:09 | INFO | {'message': 'I just found recipe! It was exciting.', 'author': 'Bob', 'timestamp': '2025-09-23 22:33:09', 'category': 'food', 'sentiment': 0.52, 'keyword_mentioned': 'recipe', 'message_length': 37}
2025-09-23 22:33:09 | INFO | Sent message to Kafka topic 'project_json': {'message': 'I just found recipe! It was exciting.', 'author': 'Bob', 'timestamp': '2025-09-23 22:33:09', 'category': 'food', 'sentiment': 0.52, 'keyword_mentioned': 'recipe', 'message_length': 37}
2025-09-23 22:33:14 | INFO | {'message': 'I just shared a trick! It was boring.', 'author': 'Eve', 'timestamp': '2025-09-23 22:33:14', 'category': 'other', 'sentiment': 0.03, 'keyword_mentioned': 'other', 'message_length': 37}
2025-09-23 22:33:14 | INFO | Sent message to Kafka topic 'project_json': {'message': 'I just shared a trick! It was boring.', 'author': 'Eve', 'timestamp': '2025-09-23 22:33:14', 'category': 'other', 'sentiment': 0.03, 'keyword_mentioned': 'other', 'message_length': 37}
2025-09-23 22:33:19 | INFO | {'message': 'I just loved JavaScript! It was funny.', 'author': 'Eve', 'timestamp': '2025-09-23 22:33:19', 'category': 'tech', 'sentiment': 0.23, 'keyword_mentioned': 'JavaScript', 'message_length': 38}
2025-09-23 22:33:19 | INFO | Sent message to Kafka topic 'project_json': {'message': 'I just loved JavaScript! It was funny.', 'author': 'Eve', 'timestamp': '2025-09-23 22:33:19', 'category': 'tech', 'sentiment': 0.23, 'keyword_mentioned': 'JavaScript', 'message_length': 38}
2025-09-23 22:33:24 | INFO | {'message': 'I just tried a trick! It was funny.', 'author': 'Eve', 'timestamp': '2025-09-23 22:33:24', 'category': 'other', 'sentiment': 0.81, 'keyword_mentioned': 'other', 'message_length': 35}
2025-09-23 22:33:24 | INFO | Sent message to Kafka topic 'project_json': {'message': 'I just tried a trick! It was funny.', 'author': 'Eve', 'timestamp': '2025-09-23 22:33:24', 'category': 'other', 'sentiment': 0.81, 'keyword_mentioned': 'other', 'message_length': 35}
2025-09-23 22:33:29 | INFO | {'message': 'I just tried Python! It was weird.', 'author': 'Eve', 'timestamp': '2025-09-23 22:33:29', 'category': 'tech', 'sentiment': 0.05, 'keyword_mentioned': 'Python', 'message_length': 34}
2025-09-23 22:33:29 | INFO | Sent message to Kafka topic 'project_json': {'message': 'I just tried Python! It was weird.', 'author': 'Eve', 'timestamp': '2025-09-23 22:33:29', 'category': 'tech', 'sentiment': 0.05, 'keyword_mentioned': 'Python', 'message_length': 34}
2025-09-23 22:33:34 | INFO | {'message': 'I just saw a story! It was boring.', 'author': 'Charlie', 'timestamp': '2025-09-23 22:33:34', 'category': 'other', 'sentiment': 0.09, 'keyword_mentioned': 'other', 'message_length': 34}
2025-09-23 22:33:34 | INFO | Sent message to Kafka topic 'project_json': {'message': 'I just saw a story! It was boring.', 'author': 'Charlie', 'timestamp': '2025-09-23 22:33:34', 'category': 'other', 'sentiment': 0.09, 'keyword_mentioned': 'other', 'message_length': 34}
2025-09-23 22:33:39 | INFO | {'message': 'I just shared recipe! It was weird.', 'author': 'Eve', 'timestamp': '2025-09-23 22:33:39', 'category': 'food', 'sentiment': 0.74, 'keyword_mentioned': 'recipe', 'message_length': 35}
2025-09-23 22:33:39 | INFO | Sent message to Kafka topic 'project_json': {'message': 'I just shared recipe! It was weird.', 'author': 'Eve', 'timestamp': '2025-09-23 22:33:39', 'category': 'food', 'sentiment': 0.74, 'keyword_mentioned': 'recipe', 'message_length': 35}
2025-09-23 22:33:44 | INFO | {'message': 'I just saw recipe! It was weird.', 'author': 'Eve', 'timestamp': '2025-09-23 22:33:44', 'category': 'food', 'sentiment': 0.21, 'keyword_mentioned': 'recipe', 'message_length': 32}
2025-09-23 22:33:44 | INFO | Sent message to Kafka topic 'project_json': {'message': 'I just saw recipe! It was weird.', 'author': 'Eve', 'timestamp': '2025-09-23 22:33:44', 'category': 'food', 'sentiment': 0.21, 'keyword_mentioned': 'recipe', 'message_length': 32}
2025-09-23 22:33:47 | INFO | Logging to file: logs/project_log.log
2025-09-23 22:33:47 | INFO | Log sanitization enabled, personal info removed
2025-09-23 22:33:48 | INFO | Starting consumer for topic 'project_json', group 'buzz_group'
2025-09-23 22:33:48 | INFO | Kafka broker address: localhost:9092
2025-09-23 22:33:48 | INFO | Creating Kafka consumer. Topic='project_json' and group ID='buzz_group'.
2025-09-23 22:33:48 | INFO | Kafka consumer created successfully.
2025-09-23 22:33:49 | INFO | {'message': 'I just loved Python! It was amazing.', 'author': 'Eve', 'timestamp': '2025-09-23 22:33:49', 'category': 'tech', 'sentiment': 0.22, 'keyword_mentioned': 'Python', 'message_length': 36}
2025-09-23 22:33:49 | INFO | Sent message to Kafka topic 'project_json': {'message': 'I just loved Python! It was amazing.', 'author': 'Eve', 'timestamp': '2025-09-23 22:33:49', 'category': 'tech', 'sentiment': 0.22, 'keyword_mentioned': 'Python', 'message_length': 36}
2025-09-23 22:33:54 | INFO | {'message': 'I just saw a movie! It was amazing.', 'author': 'Bob', 'timestamp': '2025-09-23 22:33:54', 'category': 'entertainment', 'sentiment': 0.32, 'keyword_mentioned': 'movie', 'message_length': 35}
2025-09-23 22:33:54 | INFO | Sent message to Kafka topic 'project_json': {'message': 'I just saw a movie! It was amazing.', 'author': 'Bob', 'timestamp': '2025-09-23 22:33:54', 'category': 'entertainment', 'sentiment': 0.32, 'keyword_mentioned': 'movie', 'message_length': 35}
2025-09-23 22:33:56 | WARNING | Stopping consumer...
2025-09-23 22:33:58 | INFO | Consumer closed.
2025-09-23 22:33:59 | INFO | {'message': 'I just found a movie! It was amazing.', 'author': 'Bob', 'timestamp': '2025-09-23 22:33:59', 'category': 'entertainment', 'sentiment': 0.62, 'keyword_mentioned': 'movie', 'message_length': 37}
2025-09-23 22:33:59 | INFO | Sent message to Kafka topic 'project_json': {'message': 'I just found a movie! It was amazing.', 'author': 'Bob', 'timestamp': '2025-09-23 22:33:59', 'category': 'entertainment', 'sentiment': 0.62, 'keyword_mentioned': 'movie', 'message_length': 37}
2025-09-23 22:34:04 | INFO | {'message': 'I just found an app! It was boring.', 'author': 'Bob', 'timestamp': '2025-09-23 22:34:04', 'category': 'other', 'sentiment': 0.13, 'keyword_mentioned': 'other', 'message_length': 35}
2025-09-23 22:34:04 | INFO | Sent message to Kafka topic 'project_json': {'message': 'I just found an app! It was boring.', 'author': 'Bob', 'timestamp': '2025-09-23 22:34:04', 'category': 'other', 'sentiment': 0.13, 'keyword_mentioned': 'other', 'message_length': 35}
2025-09-23 22:34:09 | INFO | {'message': 'I just saw travel! It was exciting.', 'author': 'Eve', 'timestamp': '2025-09-23 22:34:09', 'category': 'travel', 'sentiment': 0.47, 'keyword_mentioned': 'travel', 'message_length': 35}
2025-09-23 22:34:09 | INFO | Sent message to Kafka topic 'project_json': {'message': 'I just saw travel! It was exciting.', 'author': 'Eve', 'timestamp': '2025-09-23 22:34:09', 'category': 'travel', 'sentiment': 0.47, 'keyword_mentioned': 'travel', 'message_length': 35}
2025-09-23 22:34:14 | INFO | {'message': 'I just saw an app! It was boring.', 'author': 'Alice', 'timestamp': '2025-09-23 22:34:14', 'category': 'other', 'sentiment': 0.05, 'keyword_mentioned': 'other', 'message_length': 33}
2025-09-23 22:34:14 | INFO | Sent message to Kafka topic 'project_json': {'message': 'I just saw an app! It was boring.', 'author': 'Alice', 'timestamp': '2025-09-23 22:34:14', 'category': 'other', 'sentiment': 0.05, 'keyword_mentioned': 'other', 'message_length': 33}
2025-09-23 22:34:19 | INFO | {'message': 'I just tried a meme! It was amazing.', 'author': 'Bob', 'timestamp': '2025-09-23 22:34:19', 'category': 'humor', 'sentiment': 0.17, 'keyword_mentioned': 'meme', 'message_length': 36}
2025-09-23 22:34:19 | INFO | Sent message to Kafka topic 'project_json': {'message': 'I just tried a meme! It was amazing.', 'author': 'Bob', 'timestamp': '2025-09-23 22:34:19', 'category': 'humor', 'sentiment': 0.17, 'keyword_mentioned': 'meme', 'message_length': 36}
2025-09-23 22:34:24 | INFO | {'message': 'I just found travel! It was weird.', 'author': 'Charlie', 'timestamp': '2025-09-23 22:34:24', 'category': 'travel', 'sentiment': 0.43, 'keyword_mentioned': 'travel', 'message_length': 34}
2025-09-23 22:34:24 | INFO | Sent message to Kafka topic 'project_json': {'message': 'I just found travel! It was weird.', 'author': 'Charlie', 'timestamp': '2025-09-23 22:34:24', 'category': 'travel', 'sentiment': 0.43, 'keyword_mentioned': 'travel', 'message_length': 34}
2025-09-23 22:34:29 | INFO | {'message': 'I just tried a movie! It was amazing.', 'author': 'Eve', 'timestamp': '2025-09-23 22:34:29', 'category': 'entertainment', 'sentiment': 0.65, 'keyword_mentioned': 'movie', 'message_length': 37}
2025-09-23 22:34:29 | INFO | Sent message to Kafka topic 'project_json': {'message': 'I just tried a movie! It was amazing.', 'author': 'Eve', 'timestamp': '2025-09-23 22:34:29', 'category': 'entertainment', 'sentiment': 0.65, 'keyword_mentioned': 'movie', 'message_length': 37}
2025-09-23 22:34:34 | INFO | {'message': 'I just tried JavaScript! It was weird.', 'author': 'Eve', 'timestamp': '2025-09-23 22:34:34', 'category': 'tech', 'sentiment': 0.21, 'keyword_mentioned': 'JavaScript', 'message_length': 38}
2025-09-23 22:34:34 | INFO | Sent message to Kafka topic 'project_json': {'message': 'I just tried JavaScript! It was weird.', 'author': 'Eve', 'timestamp': '2025-09-23 22:34:34', 'category': 'tech', 'sentiment': 0.21, 'keyword_mentioned': 'JavaScript', 'message_length': 38}
2025-09-23 22:34:39 | INFO | {'message': 'I just found JavaScript! It was amazing.', 'author': 'Charlie', 'timestamp': '2025-09-23 22:34:39', 'category': 'tech', 'sentiment': 0.34, 'keyword_mentioned': 'JavaScript', 'message_length': 40}
2025-09-23 22:34:39 | INFO | Sent message to Kafka topic 'project_json': {'message': 'I just found JavaScript! It was amazing.', 'author': 'Charlie', 'timestamp': '2025-09-23 22:34:39', 'category': 'tech', 'sentiment': 0.34, 'keyword_mentioned': 'JavaScript', 'message_length': 40}
2025-09-23 22:34:44 | INFO | {'message': 'I just loved Python! It was boring.', 'author': 'Eve', 'timestamp': '2025-09-23 22:34:44', 'category': 'tech', 'sentiment': 0.96, 'keyword_mentioned': 'Python', 'message_length': 35}
2025-09-23 22:34:44 | INFO | Sent message to Kafka topic 'project_json': {'message': 'I just loved Python! It was boring.', 'author': 'Eve', 'timestamp': '2025-09-23 22:34:44', 'category': 'tech', 'sentiment': 0.96, 'keyword_mentioned': 'Python', 'message_length': 35}
2025-09-23 22:34:49 | INFO | {'message': 'I just saw JavaScript! It was amazing.', 'author': 'Charlie', 'timestamp': '2025-09-23 22:34:49', 'category': 'tech', 'sentiment': 0.84, 'keyword_mentioned': 'JavaScript', 'message_length': 38}
2025-09-23 22:34:49 | INFO | Sent message to Kafka topic 'project_json': {'message': 'I just saw JavaScript! It was amazing.', 'author': 'Charlie', 'timestamp': '2025-09-23 22:34:49', 'category': 'tech', 'sentiment': 0.84, 'keyword_mentioned': 'JavaScript', 'message_length': 38}
2025-09-23 22:34:54 | INFO | {'message': 'I just found recipe! It was boring.', 'author': 'Eve', 'timestamp': '2025-09-23 22:34:54', 'category': 'food', 'sentiment': 0.61, 'keyword_mentioned': 'recipe', 'message_length': 35}
2025-09-23 22:34:54 | INFO | Sent message to Kafka topic 'project_json': {'message': 'I just found recipe! It was boring.', 'author': 'Eve', 'timestamp': '2025-09-23 22:34:54', 'category': 'food', 'sentiment': 0.61, 'keyword_mentioned': 'recipe', 'message_length': 35}
2025-09-23 22:34:59 | INFO | {'message': 'I just tried game! It was weird.', 'author': 'Bob', 'timestamp': '2025-09-23 22:34:59', 'category': 'gaming', 'sentiment': 0.26, 'keyword_mentioned': 'game', 'message_length': 32}
2025-09-23 22:34:59 | INFO | Sent message to Kafka topic 'project_json': {'message': 'I just tried game! It was weird.', 'author': 'Bob', 'timestamp': '2025-09-23 22:34:59', 'category': 'gaming', 'sentiment': 0.26, 'keyword_mentioned': 'game', 'message_length': 32}
2025-09-23 22:35:04 | INFO | {'message': 'I just tried a meme! It was weird.', 'author': 'Alice', 'timestamp': '2025-09-23 22:35:04', 'category': 'humor', 'sentiment': 0.18, 'keyword_mentioned': 'meme', 'message_length': 34}
2025-09-23 22:35:04 | INFO | Sent message to Kafka topic 'project_json': {'message': 'I just tried a meme! It was weird.', 'author': 'Alice', 'timestamp': '2025-09-23 22:35:04', 'category': 'humor', 'sentiment': 0.18, 'keyword_mentioned': 'meme', 'message_length': 34}
2025-09-23 22:35:09 | INFO | {'message': 'I just found a story! It was exciting.', 'author': 'Charlie', 'timestamp': '2025-09-23 22:35:09', 'category': 'other', 'sentiment': 0.99, 'keyword_mentioned': 'other', 'message_length': 38}
2025-09-23 22:35:09 | INFO | Sent message to Kafka topic 'project_json': {'message': 'I just found a story! It was exciting.', 'author': 'Charlie', 'timestamp': '2025-09-23 22:35:09', 'category': 'other', 'sentiment': 0.99, 'keyword_mentioned': 'other', 'message_length': 38}
2025-09-23 22:35:14 | INFO | {'message': 'I just shared a meme! It was funny.', 'author': 'Eve', 'timestamp': '2025-09-23 22:35:14', 'category': 'humor', 'sentiment': 0.12, 'keyword_mentioned': 'meme', 'message_length': 35}
2025-09-23 22:35:14 | INFO | Sent message to Kafka topic 'project_json': {'message': 'I just shared a meme! It was funny.', 'author': 'Eve', 'timestamp': '2025-09-23 22:35:14', 'category': 'humor', 'sentiment': 0.12, 'keyword_mentioned': 'meme', 'message_length': 35}
2025-09-23 22:35:19 | INFO | {'message': 'I just saw an app! It was exciting.', 'author': 'Bob', 'timestamp': '2025-09-23 22:35:19', 'category': 'other', 'sentiment': 0.68, 'keyword_mentioned': 'other', 'message_length': 35}
2025-09-23 22:35:19 | INFO | Sent message to Kafka topic 'project_json': {'message': 'I just saw an app! It was exciting.', 'author': 'Bob', 'timestamp': '2025-09-23 22:35:19', 'category': 'other', 'sentiment': 0.68, 'keyword_mentioned': 'other', 'message_length': 35}
2025-09-23 22:35:24 | INFO | {'message': 'I just shared a story! It was amazing.', 'author': 'Bob', 'timestamp': '2025-09-23 22:35:24', 'category': 'other', 'sentiment': 0.02, 'keyword_mentioned': 'other', 'message_length': 38}
2025-09-23 22:35:24 | INFO | Sent message to Kafka topic 'project_json': {'message': 'I just shared a story! It was amazing.', 'author': 'Bob', 'timestamp': '2025-09-23 22:35:24', 'category': 'other', 'sentiment': 0.02, 'keyword_mentioned': 'other', 'message_length': 38}
2025-09-23 22:35:29 | INFO | {'message': 'I just found travel! It was exciting.', 'author': 'Charlie', 'timestamp': '2025-09-23 22:35:29', 'category': 'travel', 'sentiment': 0.81, 'keyword_mentioned': 'travel', 'message_length': 37}
2025-09-23 22:35:29 | INFO | Sent message to Kafka topic 'project_json': {'message': 'I just found travel! It was exciting.', 'author': 'Charlie', 'timestamp': '2025-09-23 22:35:29', 'category': 'travel', 'sentiment': 0.81, 'keyword_mentioned': 'travel', 'message_length': 37}
2025-09-23 22:35:34 | INFO | {'message': 'I just loved game! It was amazing.', 'author': 'Bob', 'timestamp': '2025-09-23 22:35:34', 'category': 'gaming', 'sentiment': 0.58, 'keyword_mentioned': 'game', 'message_length': 34}
2025-09-23 22:35:34 | INFO | Sent message to Kafka topic 'project_json': {'message': 'I just loved game! It was amazing.', 'author': 'Bob', 'timestamp': '2025-09-23 22:35:34', 'category': 'gaming', 'sentiment': 0.58, 'keyword_mentioned': 'game', 'message_length': 34}
2025-09-23 22:35:39 | INFO | {'message': 'I just saw an app! It was funny.', 'author': 'Bob', 'timestamp': '2025-09-23 22:35:39', 'category': 'other', 'sentiment': 0.52, 'keyword_mentioned': 'other', 'message_length': 32}
2025-09-23 22:35:39 | INFO | Sent message to Kafka topic 'project_json': {'message': 'I just saw an app! It was funny.', 'author': 'Bob', 'timestamp': '2025-09-23 22:35:39', 'category': 'other', 'sentiment': 0.52, 'keyword_mentioned': 'other', 'message_length': 32}
2025-09-23 22:35:44 | INFO | {'message': 'I just loved JavaScript! It was amazing.', 'author': 'Eve', 'timestamp': '2025-09-23 22:35:44', 'category': 'tech', 'sentiment': 0.18, 'keyword_mentioned': 'JavaScript', 'message_length': 40}
2025-09-23 22:35:44 | INFO | Sent message to Kafka topic 'project_json': {'message': 'I just loved JavaScript! It was amazing.', 'author': 'Eve', 'timestamp': '2025-09-23 22:35:44', 'category': 'tech', 'sentiment': 0.18, 'keyword_mentioned': 'JavaScript', 'message_length': 40}
2025-09-23 22:35:49 | INFO | {'message': 'I just loved Python! It was amazing.', 'author': 'Alice', 'timestamp': '2025-09-23 22:35:49', 'category': 'tech', 'sentiment': 0.81, 'keyword_mentioned': 'Python', 'message_length': 36}
2025-09-23 22:35:49 | INFO | Sent message to Kafka topic 'project_json': {'message': 'I just loved Python! It was amazing.', 'author': 'Alice', 'timestamp': '2025-09-23 22:35:49', 'category': 'tech', 'sentiment': 0.81, 'keyword_mentioned': 'Python', 'message_length': 36}
2025-09-23 22:35:54 | INFO | {'message': 'I just saw an app! It was weird.', 'author': 'Charlie', 'timestamp': '2025-09-23 22:35:54', 'category': 'other', 'sentiment': 0.08, 'keyword_mentioned': 'other', 'message_length': 32}
2025-09-23 22:35:54 | INFO | Sent message to Kafka topic 'project_json': {'message': 'I just saw an app! It was weird.', 'author': 'Charlie', 'timestamp': '2025-09-23 22:35:54', 'category': 'other', 'sentiment': 0.08, 'keyword_mentioned': 'other', 'message_length': 32}
2025-09-23 22:35:57 | INFO | Logging to file: logs/project_log.log
2025-09-23 22:35:57 | INFO | Log sanitization enabled, personal info removed
2025-09-23 22:35:58 | INFO | Starting consumer for topic 'project_json', group 'buzz_group'
2025-09-23 22:35:58 | INFO | Kafka broker address: localhost:9092
2025-09-23 22:35:58 | INFO | Creating Kafka consumer. Topic='project_json' and group ID='buzz_group'.
2025-09-23 22:35:58 | INFO | Kafka consumer created successfully.
2025-09-23 22:35:59 | INFO | {'message': 'I just tried a movie! It was exciting.', 'author': 'Charlie', 'timestamp': '2025-09-23 22:35:59', 'category': 'entertainment', 'sentiment': 0.16, 'keyword_mentioned': 'movie', 'message_length': 38}
2025-09-23 22:35:59 | INFO | Sent message to Kafka topic 'project_json': {'message': 'I just tried a movie! It was exciting.', 'author': 'Charlie', 'timestamp': '2025-09-23 22:35:59', 'category': 'entertainment', 'sentiment': 0.16, 'keyword_mentioned': 'movie', 'message_length': 38}
2025-09-23 22:36:04 | INFO | {'message': 'I just tried recipe! It was boring.', 'author': 'Charlie', 'timestamp': '2025-09-23 22:36:04', 'category': 'food', 'sentiment': 0.56, 'keyword_mentioned': 'recipe', 'message_length': 35}
2025-09-23 22:36:04 | INFO | Sent message to Kafka topic 'project_json': {'message': 'I just tried recipe! It was boring.', 'author': 'Charlie', 'timestamp': '2025-09-23 22:36:04', 'category': 'food', 'sentiment': 0.56, 'keyword_mentioned': 'recipe', 'message_length': 35}
2025-09-23 22:36:09 | INFO | {'message': 'I just loved Python! It was boring.', 'author': 'Charlie', 'timestamp': '2025-09-23 22:36:09', 'category': 'tech', 'sentiment': 0.09, 'keyword_mentioned': 'Python', 'message_length': 35}
2025-09-23 22:36:09 | INFO | Sent message to Kafka topic 'project_json': {'message': 'I just loved Python! It was boring.', 'author': 'Charlie', 'timestamp': '2025-09-23 22:36:09', 'category': 'tech', 'sentiment': 0.09, 'keyword_mentioned': 'Python', 'message_length': 35}
2025-09-23 22:36:14 | INFO | {'message': 'I just found a meme! It was funny.', 'author': 'Eve', 'timestamp': '2025-09-23 22:36:14', 'category': 'humor', 'sentiment': 0.16, 'keyword_mentioned': 'meme', 'message_length': 34}
2025-09-23 22:36:14 | INFO | Sent message to Kafka topic 'project_json': {'message': 'I just found a meme! It was funny.', 'author': 'Eve', 'timestamp': '2025-09-23 22:36:14', 'category': 'humor', 'sentiment': 0.16, 'keyword_mentioned': 'meme', 'message_length': 34}
2025-09-23 22:36:19 | INFO | {'message': 'I just saw a movie! It was exciting.', 'author': 'Alice', 'timestamp': '2025-09-23 22:36:19', 'category': 'entertainment', 'sentiment': 0.73, 'keyword_mentioned': 'movie', 'message_length': 36}
2025-09-23 22:36:19 | INFO | Sent message to Kafka topic 'project_json': {'message': 'I just saw a movie! It was exciting.', 'author': 'Alice', 'timestamp': '2025-09-23 22:36:19', 'category': 'entertainment', 'sentiment': 0.73, 'keyword_mentioned': 'movie', 'message_length': 36}
2025-09-23 22:36:24 | INFO | {'message': 'I just shared Python! It was funny.', 'author': 'Eve', 'timestamp': '2025-09-23 22:36:24', 'category': 'tech', 'sentiment': 0.95, 'keyword_mentioned': 'Python', 'message_length': 35}
2025-09-23 22:36:24 | INFO | Sent message to Kafka topic 'project_json': {'message': 'I just shared Python! It was funny.', 'author': 'Eve', 'timestamp': '2025-09-23 22:36:24', 'category': 'tech', 'sentiment': 0.95, 'keyword_mentioned': 'Python', 'message_length': 35}
2025-09-23 22:36:29 | INFO | {'message': 'I just found JavaScript! It was exciting.', 'author': 'Alice', 'timestamp': '2025-09-23 22:36:29', 'category': 'tech', 'sentiment': 0.23, 'keyword_mentioned': 'JavaScript', 'message_length': 41}
2025-09-23 22:36:29 | INFO | Sent message to Kafka topic 'project_json': {'message': 'I just found JavaScript! It was exciting.', 'author': 'Alice', 'timestamp': '2025-09-23 22:36:29', 'category': 'tech', 'sentiment': 0.23, 'keyword_mentioned': 'JavaScript', 'message_length': 41}
2025-09-23 22:36:34 | INFO | {'message': 'I just saw Python! It was weird.', 'author': 'Bob', 'timestamp': '2025-09-23 22:36:34', 'category': 'tech', 'sentiment': 0.38, 'keyword_mentioned': 'Python', 'message_length': 32}
2025-09-23 22:36:34 | INFO | Sent message to Kafka topic 'project_json': {'message': 'I just saw Python! It was weird.', 'author': 'Bob', 'timestamp': '2025-09-23 22:36:34', 'category': 'tech', 'sentiment': 0.38, 'keyword_mentioned': 'Python', 'message_length': 32}
2025-09-23 22:36:39 | INFO | {'message': 'I just shared travel! It was exciting.', 'author': 'Charlie', 'timestamp': '2025-09-23 22:36:39', 'category': 'travel', 'sentiment': 0.28, 'keyword_mentioned': 'travel', 'message_length': 38}
2025-09-23 22:36:39 | INFO | Sent message to Kafka topic 'project_json': {'message': 'I just shared travel! It was exciting.', 'author': 'Charlie', 'timestamp': '2025-09-23 22:36:39', 'category': 'travel', 'sentiment': 0.28, 'keyword_mentioned': 'travel', 'message_length': 38}
2025-09-23 22:36:44 | INFO | {'message': 'I just loved a story! It was funny.', 'author': 'Bob', 'timestamp': '2025-09-23 22:36:44', 'category': 'other', 'sentiment': 0.55, 'keyword_mentioned': 'other', 'message_length': 35}
2025-09-23 22:36:44 | INFO | Sent message to Kafka topic 'project_json': {'message': 'I just loved a story! It was funny.', 'author': 'Bob', 'timestamp': '2025-09-23 22:36:44', 'category': 'other', 'sentiment': 0.55, 'keyword_mentioned': 'other', 'message_length': 35}
2025-09-23 22:36:49 | INFO | {'message': 'I just shared a meme! It was boring.', 'author': 'Eve', 'timestamp': '2025-09-23 22:36:49', 'category': 'humor', 'sentiment': 0.5, 'keyword_mentioned': 'meme', 'message_length': 36}
2025-09-23 22:36:49 | INFO | Sent message to Kafka topic 'project_json': {'message': 'I just shared a meme! It was boring.', 'author': 'Eve', 'timestamp': '2025-09-23 22:36:49', 'category': 'humor', 'sentiment': 0.5, 'keyword_mentioned': 'meme', 'message_length': 36}
2025-09-23 22:36:54 | INFO | {'message': 'I just shared a trick! It was weird.', 'author': 'Eve', 'timestamp': '2025-09-23 22:36:54', 'category': 'other', 'sentiment': 0.45, 'keyword_mentioned': 'other', 'message_length': 36}
2025-09-23 22:36:54 | INFO | Sent message to Kafka topic 'project_json': {'message': 'I just shared a trick! It was weird.', 'author': 'Eve', 'timestamp': '2025-09-23 22:36:54', 'category': 'other', 'sentiment': 0.45, 'keyword_mentioned': 'other', 'message_length': 36}
2025-09-23 22:36:59 | INFO | {'message': 'I just found recipe! It was amazing.', 'author': 'Charlie', 'timestamp': '2025-09-23 22:36:59', 'category': 'food', 'sentiment': 0.05, 'keyword_mentioned': 'recipe', 'message_length': 36}
2025-09-23 22:36:59 | INFO | Sent message to Kafka topic 'project_json': {'message': 'I just found recipe! It was amazing.', 'author': 'Charlie', 'timestamp': '2025-09-23 22:36:59', 'category': 'food', 'sentiment': 0.05, 'keyword_mentioned': 'recipe', 'message_length': 36}
2025-09-23 22:37:04 | INFO | {'message': 'I just saw an app! It was weird.', 'author': 'Charlie', 'timestamp': '2025-09-23 22:37:04', 'category': 'other', 'sentiment': 0.86, 'keyword_mentioned': 'other', 'message_length': 32}
2025-09-23 22:37:04 | INFO | Sent message to Kafka topic 'project_json': {'message': 'I just saw an app! It was weird.', 'author': 'Charlie', 'timestamp': '2025-09-23 22:37:04', 'category': 'other', 'sentiment': 0.86, 'keyword_mentioned': 'other', 'message_length': 32}
2025-09-23 22:37:09 | INFO | {'message': 'I just tried a meme! It was amazing.', 'author': 'Alice', 'timestamp': '2025-09-23 22:37:09', 'category': 'humor', 'sentiment': 0.65, 'keyword_mentioned': 'meme', 'message_length': 36}
2025-09-23 22:37:09 | INFO | Sent message to Kafka topic 'project_json': {'message': 'I just tried a meme! It was amazing.', 'author': 'Alice', 'timestamp': '2025-09-23 22:37:09', 'category': 'humor', 'sentiment': 0.65, 'keyword_mentioned': 'meme', 'message_length': 36}
2025-09-23 22:37:14 | INFO | {'message': 'I just tried a meme! It was boring.', 'author': 'Alice', 'timestamp': '2025-09-23 22:37:14', 'category': 'humor', 'sentiment': 0.08, 'keyword_mentioned': 'meme', 'message_length': 35}
2025-09-23 22:37:14 | INFO | Sent message to Kafka topic 'project_json': {'message': 'I just tried a meme! It was boring.', 'author': 'Alice', 'timestamp': '2025-09-23 22:37:14', 'category': 'humor', 'sentiment': 0.08, 'keyword_mentioned': 'meme', 'message_length': 35}
2025-09-23 22:37:19 | INFO | {'message': 'I just saw recipe! It was boring.', 'author': 'Alice', 'timestamp': '2025-09-23 22:37:19', 'category': 'food', 'sentiment': 0.69, 'keyword_mentioned': 'recipe', 'message_length': 33}
2025-09-23 22:37:19 | INFO | Sent message to Kafka topic 'project_json': {'message': 'I just saw recipe! It was boring.', 'author': 'Alice', 'timestamp': '2025-09-23 22:37:19', 'category': 'food', 'sentiment': 0.69, 'keyword_mentioned': 'recipe', 'message_length': 33}
2025-09-23 22:37:24 | INFO | {'message': 'I just shared game! It was boring.', 'author': 'Eve', 'timestamp': '2025-09-23 22:37:24', 'category': 'gaming', 'sentiment': 0.75, 'keyword_mentioned': 'game', 'message_length': 34}
2025-09-23 22:37:24 | INFO | Sent message to Kafka topic 'project_json': {'message': 'I just shared game! It was boring.', 'author': 'Eve', 'timestamp': '2025-09-23 22:37:24', 'category': 'gaming', 'sentiment': 0.75, 'keyword_mentioned': 'game', 'message_length': 34}
2025-09-23 22:37:29 | INFO | {'message': 'I just found travel! It was amazing.', 'author': 'Eve', 'timestamp': '2025-09-23 22:37:29', 'category': 'travel', 'sentiment': 0.06, 'keyword_mentioned': 'travel', 'message_length': 36}
2025-09-23 22:37:29 | INFO | Sent message to Kafka topic 'project_json': {'message': 'I just found travel! It was amazing.', 'author': 'Eve', 'timestamp': '2025-09-23 22:37:29', 'category': 'travel', 'sentiment': 0.06, 'keyword_mentioned': 'travel', 'message_length': 36}
2025-09-23 22:37:34 | INFO | {'message': 'I just saw Python! It was boring.', 'author': 'Eve', 'timestamp': '2025-09-23 22:37:34', 'category': 'tech', 'sentiment': 0.23, 'keyword_mentioned': 'Python', 'message_length': 33}
2025-09-23 22:37:34 | INFO | Sent message to Kafka topic 'project_json': {'message': 'I just saw Python! It was boring.', 'author': 'Eve', 'timestamp': '2025-09-23 22:37:34', 'category': 'tech', 'sentiment': 0.23, 'keyword_mentioned': 'Python', 'message_length': 33}
2025-09-23 22:37:39 | INFO | {'message': 'I just saw an app! It was exciting.', 'author': 'Charlie', 'timestamp': '2025-09-23 22:37:39', 'category': 'other', 'sentiment': 0.69, 'keyword_mentioned': 'other', 'message_length': 35}
2025-09-23 22:37:39 | INFO | Sent message to Kafka topic 'project_json': {'message': 'I just saw an app! It was exciting.', 'author': 'Charlie', 'timestamp': '2025-09-23 22:37:39', 'category': 'other', 'sentiment': 0.69, 'keyword_mentioned': 'other', 'message_length': 35}
2025-09-23 22:37:44 | INFO | {'message': 'I just shared Python! It was funny.', 'author': 'Charlie', 'timestamp': '2025-09-23 22:37:44', 'category': 'tech', 'sentiment': 0.48, 'keyword_mentioned': 'Python', 'message_length': 35}
2025-09-23 22:37:44 | INFO | Sent message to Kafka topic 'project_json': {'message': 'I just shared Python! It was funny.', 'author': 'Charlie', 'timestamp': '2025-09-23 22:37:44', 'category': 'tech', 'sentiment': 0.48, 'keyword_mentioned': 'Python', 'message_length': 35}
2025-09-23 22:37:49 | INFO | {'message': 'I just tried a story! It was funny.', 'author': 'Eve', 'timestamp': '2025-09-23 22:37:49', 'category': 'other', 'sentiment': 0.79, 'keyword_mentioned': 'other', 'message_length': 35}
2025-09-23 22:37:49 | INFO | Sent message to Kafka topic 'project_json': {'message': 'I just tried a story! It was funny.', 'author': 'Eve', 'timestamp': '2025-09-23 22:37:49', 'category': 'other', 'sentiment': 0.79, 'keyword_mentioned': 'other', 'message_length': 35}
2025-09-23 22:37:54 | INFO | {'message': 'I just shared an app! It was amazing.', 'author': 'Bob', 'timestamp': '2025-09-23 22:37:54', 'category': 'other', 'sentiment': 0.88, 'keyword_mentioned': 'other', 'message_length': 37}
2025-09-23 22:37:54 | INFO | Sent message to Kafka topic 'project_json': {'message': 'I just shared an app! It was amazing.', 'author': 'Bob', 'timestamp': '2025-09-23 22:37:54', 'category': 'other', 'sentiment': 0.88, 'keyword_mentioned': 'other', 'message_length': 37}
2025-09-23 22:37:59 | INFO | {'message': 'I just loved travel! It was weird.', 'author': 'Charlie', 'timestamp': '2025-09-23 22:37:59', 'category': 'travel', 'sentiment': 0.82, 'keyword_mentioned': 'travel', 'message_length': 34}
2025-09-23 22:37:59 | INFO | Sent message to Kafka topic 'project_json': {'message': 'I just loved travel! It was weird.', 'author': 'Charlie', 'timestamp': '2025-09-23 22:37:59', 'category': 'travel', 'sentiment': 0.82, 'keyword_mentioned': 'travel', 'message_length': 34}
2025-09-23 22:38:04 | INFO | {'message': 'I just loved a movie! It was amazing.', 'author': 'Charlie', 'timestamp': '2025-09-23 22:38:04', 'category': 'entertainment', 'sentiment': 0.71, 'keyword_mentioned': 'movie', 'message_length': 37}
2025-09-23 22:38:04 | INFO | Sent message to Kafka topic 'project_json': {'message': 'I just loved a movie! It was amazing.', 'author': 'Charlie', 'timestamp': '2025-09-23 22:38:04', 'category': 'entertainment', 'sentiment': 0.71, 'keyword_mentioned': 'movie', 'message_length': 37}
2025-09-23 22:38:09 | INFO | {'message': 'I just found a story! It was boring.', 'author': 'Alice', 'timestamp': '2025-09-23 22:38:09', 'category': 'other', 'sentiment': 0.25, 'keyword_mentioned': 'other', 'message_length': 36}
2025-09-23 22:38:09 | INFO | Sent message to Kafka topic 'project_json': {'message': 'I just found a story! It was boring.', 'author': 'Alice', 'timestamp': '2025-09-23 22:38:09', 'category': 'other', 'sentiment': 0.25, 'keyword_mentioned': 'other', 'message_length': 36}
2025-09-23 22:38:14 | INFO | {'message': 'I just loved a trick! It was exciting.', 'author': 'Charlie', 'timestamp': '2025-09-23 22:38:14', 'category': 'other', 'sentiment': 0.01, 'keyword_mentioned': 'other', 'message_length': 38}
2025-09-23 22:38:14 | INFO | Sent message to Kafka topic 'project_json': {'message': 'I just loved a trick! It was exciting.', 'author': 'Charlie', 'timestamp': '2025-09-23 22:38:14', 'category': 'other', 'sentiment': 0.01, 'keyword_mentioned': 'other', 'message_length': 38}
2025-09-23 22:38:19 | INFO | {'message': 'I just shared JavaScript! It was boring.', 'author': 'Bob', 'timestamp': '2025-09-23 22:38:19', 'category': 'tech', 'sentiment': 0.07, 'keyword_mentioned': 'JavaScript', 'message_length': 40}
2025-09-23 22:38:19 | INFO | Sent message to Kafka topic 'project_json': {'message': 'I just shared JavaScript! It was boring.', 'author': 'Bob', 'timestamp': '2025-09-23 22:38:19', 'category': 'tech', 'sentiment': 0.07, 'keyword_mentioned': 'JavaScript', 'message_length': 40}
2025-09-23 22:38:24 | INFO | {'message': 'I just loved travel! It was weird.', 'author': 'Alice', 'timestamp': '2025-09-23 22:38:24', 'category': 'travel', 'sentiment': 1.0, 'keyword_mentioned': 'travel', 'message_length': 34}
2025-09-23 22:38:24 | INFO | Sent message to Kafka topic 'project_json': {'message': 'I just loved travel! It was weird.', 'author': 'Alice', 'timestamp': '2025-09-23 22:38:24', 'category': 'travel', 'sentiment': 1.0, 'keyword_mentioned': 'travel', 'message_length': 34}
2025-09-23 22:38:29 | INFO | {'message': 'I just loved a meme! It was weird.', 'author': 'Charlie', 'timestamp': '2025-09-23 22:38:29', 'category': 'humor', 'sentiment': 0.73, 'keyword_mentioned': 'meme', 'message_length': 34}
2025-09-23 22:38:29 | INFO | Sent message to Kafka topic 'project_json': {'message': 'I just loved a meme! It was weird.', 'author': 'Charlie', 'timestamp': '2025-09-23 22:38:29', 'category': 'humor', 'sentiment': 0.73, 'keyword_mentioned': 'meme', 'message_length': 34}
2025-09-23 22:38:34 | INFO | {'message': 'I just loved an app! It was boring.', 'author': 'Charlie', 'timestamp': '2025-09-23 22:38:34', 'category': 'other', 'sentiment': 0.04, 'keyword_mentioned': 'other', 'message_length': 35}
2025-09-23 22:38:34 | INFO | Sent message to Kafka topic 'project_json': {'message': 'I just loved an app! It was boring.', 'author': 'Charlie', 'timestamp': '2025-09-23 22:38:34', 'category': 'other', 'sentiment': 0.04, 'keyword_mentioned': 'other', 'message_length': 35}
2025-09-23 22:38:39 | INFO | {'message': 'I just loved recipe! It was funny.', 'author': 'Eve', 'timestamp': '2025-09-23 22:38:39', 'category': 'food', 'sentiment': 0.67, 'keyword_mentioned': 'recipe', 'message_length': 34}
2025-09-23 22:38:39 | INFO | Sent message to Kafka topic 'project_json': {'message': 'I just loved recipe! It was funny.', 'author': 'Eve', 'timestamp': '2025-09-23 22:38:39', 'category': 'food', 'sentiment': 0.67, 'keyword_mentioned': 'recipe', 'message_length': 34}
2025-09-23 22:38:44 | INFO | {'message': 'I just found game! It was weird.', 'author': 'Eve', 'timestamp': '2025-09-23 22:38:44', 'category': 'gaming', 'sentiment': 0.71, 'keyword_mentioned': 'game', 'message_length': 32}
2025-09-23 22:38:44 | INFO | Sent message to Kafka topic 'project_json': {'message': 'I just found game! It was weird.', 'author': 'Eve', 'timestamp': '2025-09-23 22:38:44', 'category': 'gaming', 'sentiment': 0.71, 'keyword_mentioned': 'game', 'message_length': 32}
2025-09-23 22:38:49 | INFO | {'message': 'I just found a story! It was weird.', 'author': 'Charlie', 'timestamp': '2025-09-23 22:38:49', 'category': 'other', 'sentiment': 0.74, 'keyword_mentioned': 'other', 'message_length': 35}
2025-09-23 22:38:49 | INFO | Sent message to Kafka topic 'project_json': {'message': 'I just found a story! It was weird.', 'author': 'Charlie', 'timestamp': '2025-09-23 22:38:49', 'category': 'other', 'sentiment': 0.74, 'keyword_mentioned': 'other', 'message_length': 35}
2025-09-23 22:38:54 | INFO | {'message': 'I just shared recipe! It was boring.', 'author': 'Charlie', 'timestamp': '2025-09-23 22:38:54', 'category': 'food', 'sentiment': 0.95, 'keyword_mentioned': 'recipe', 'message_length': 36}
2025-09-23 22:38:54 | INFO | Sent message to Kafka topic 'project_json': {'message': 'I just shared recipe! It was boring.', 'author': 'Charlie', 'timestamp': '2025-09-23 22:38:54', 'category': 'food', 'sentiment': 0.95, 'keyword_mentioned': 'recipe', 'message_length': 36}
2025-09-23 22:38:59 | INFO | {'message': 'I just saw an app! It was boring.', 'author': 'Eve', 'timestamp': '2025-09-23 22:38:59', 'category': 'other', 'sentiment': 0.01, 'keyword_mentioned': 'other', 'message_length': 33}
2025-09-23 22:39:00 | INFO | Sent message to Kafka topic 'project_json': {'message': 'I just saw an app! It was boring.', 'author': 'Eve', 'timestamp': '2025-09-23 22:38:59', 'category': 'other', 'sentiment': 0.01, 'keyword_mentioned': 'other', 'message_length': 33}
2025-09-23 22:39:05 | INFO | {'message': 'I just saw a story! It was boring.', 'author': 'Alice', 'timestamp': '2025-09-23 22:39:05', 'category': 'other', 'sentiment': 0.1, 'keyword_mentioned': 'other', 'message_length': 34}
2025-09-23 22:39:05 | INFO | Sent message to Kafka topic 'project_json': {'message': 'I just saw a story! It was boring.', 'author': 'Alice', 'timestamp': '2025-09-23 22:39:05', 'category': 'other', 'sentiment': 0.1, 'keyword_mentioned': 'other', 'message_length': 34}
2025-09-23 22:39:10 | INFO | {'message': 'I just tried a trick! It was amazing.', 'author': 'Alice', 'timestamp': '2025-09-23 22:39:10', 'category': 'other', 'sentiment': 0.71, 'keyword_mentioned': 'other', 'message_length': 37}
2025-09-23 22:39:10 | INFO | Sent message to Kafka topic 'project_json': {'message': 'I just tried a trick! It was amazing.', 'author': 'Alice', 'timestamp': '2025-09-23 22:39:10', 'category': 'other', 'sentiment': 0.71, 'keyword_mentioned': 'other', 'message_length': 37}
2025-09-23 22:39:56 | INFO | Consumer closed.
