2025-09-21 20:22:05 | INFO | Logging to file: logs/project_log.log
2025-09-21 20:22:05 | INFO | Log sanitization enabled, personal info removed
2025-09-21 20:22:05 | INFO | Project root: C:/Users/USER/Documents/44671 Streaming Data/buzzline-04-mcruz
2025-09-21 20:22:05 | INFO | Data folder: C:/Users/USER/Documents/44671 Streaming Data/buzzline-04-mcruz/data
2025-09-21 20:22:05 | INFO | Data file: C:/Users/USER/Documents/44671 Streaming Data/buzzline-04-mcruz/data/buzz_live.json
2025-09-21 20:22:05 | INFO | START producer...
2025-09-21 20:22:05 | INFO | Hit CTRL c (or CMD c) to close.
2025-09-21 20:22:05 | INFO | Message interval: 3 seconds
2025-09-21 20:22:05 | INFO | {'message': 'I just tried an app! It was funny.', 'author': 'Bob'}
2025-09-21 20:22:08 | INFO | {'message': 'I just found a story! It was amazing.', 'author': 'Eve'}
2025-09-21 20:22:11 | INFO | {'message': 'I just loved an app! It was exciting.', 'author': 'Bob'}
2025-09-21 20:22:14 | INFO | {'message': 'I just found an app! It was weird.', 'author': 'Charlie'}
2025-09-21 20:22:17 | INFO | {'message': 'I just loved a meme! It was exciting.', 'author': 'Eve'}
2025-09-21 20:22:20 | INFO | {'message': 'I just loved a story! It was exciting.', 'author': 'Bob'}
2025-09-21 20:22:23 | INFO | {'message': 'I just loved a story! It was exciting.', 'author': 'Alice'}
2025-09-21 20:22:26 | INFO | {'message': 'I just tried an app! It was amazing.', 'author': 'Eve'}
2025-09-21 20:22:29 | INFO | {'message': 'I just found a movie! It was exciting.', 'author': 'Alice'}
2025-09-21 20:22:32 | INFO | {'message': 'I just found a story! It was exciting.', 'author': 'Bob'}
2025-09-21 20:22:35 | INFO | {'message': 'I just loved a story! It was boring.', 'author': 'Bob'}
2025-09-21 20:22:38 | INFO | {'message': 'I just tried a trick! It was boring.', 'author': 'Alice'}
2025-09-21 20:22:41 | INFO | Logging to file: logs/project_log.log
2025-09-21 20:22:41 | INFO | Log sanitization enabled, personal info removed
2025-09-21 20:22:41 | INFO | Project root: C:/Users/USER/Documents/44671 Streaming Data/buzzline-04-mcruz
2025-09-21 20:22:41 | INFO | Data folder: C:/Users/USER/Documents/44671 Streaming Data/buzzline-04-mcruz/data
2025-09-21 20:22:41 | INFO | Data file: C:/Users/USER/Documents/44671 Streaming Data/buzzline-04-mcruz/data/buzz_live.json
2025-09-21 20:22:41 | INFO | {'message': 'I just saw a meme! It was amazing.', 'author': 'Alice'}
2025-09-21 20:22:42 | INFO | START consumer.
2025-09-21 20:22:44 | INFO | {'message': 'I just saw a meme! It was boring.', 'author': 'Eve'}
2025-09-21 20:22:45 | INFO | Processed JSON message: {'message': 'I just saw a meme! It was boring.', 'author': 'Eve'}
2025-09-21 20:22:45 | INFO | Message received from author: Eve
2025-09-21 20:22:45 | INFO | Updated author counts: {'Eve': 1}
2025-09-21 20:22:45 | INFO | Chart updated successfully for message: {"message": "I just saw a meme! It was boring.", "author": "Eve"}

2025-09-21 20:22:47 | INFO | {'message': 'I just found a trick! It was boring.', 'author': 'Bob'}
2025-09-21 20:22:48 | INFO | Processed JSON message: {'message': 'I just found a trick! It was boring.', 'author': 'Bob'}
2025-09-21 20:22:48 | INFO | Message received from author: Bob
2025-09-21 20:22:48 | INFO | Updated author counts: {'Eve': 1, 'Bob': 1}
2025-09-21 20:22:48 | INFO | Chart updated successfully for message: {"message": "I just found a trick! It was boring.", "author": "Bob"}

2025-09-21 20:22:50 | INFO | {'message': 'I just shared a movie! It was weird.', 'author': 'Eve'}
2025-09-21 20:22:51 | INFO | Processed JSON message: {'message': 'I just shared a movie! It was weird.', 'author': 'Eve'}
2025-09-21 20:22:51 | INFO | Message received from author: Eve
2025-09-21 20:22:51 | INFO | Updated author counts: {'Eve': 2, 'Bob': 1}
2025-09-21 20:22:51 | INFO | Chart updated successfully for message: {"message": "I just shared a movie! It was weird.", "author": "Eve"}

2025-09-21 20:22:53 | INFO | {'message': 'I just found a trick! It was weird.', 'author': 'Eve'}
2025-09-21 20:22:54 | INFO | Processed JSON message: {'message': 'I just found a trick! It was weird.', 'author': 'Eve'}
2025-09-21 20:22:54 | INFO | Message received from author: Eve
2025-09-21 20:22:54 | INFO | Updated author counts: {'Eve': 3, 'Bob': 1}
2025-09-21 20:22:54 | INFO | Chart updated successfully for message: {"message": "I just found a trick! It was weird.", "author": "Eve"}

2025-09-21 20:22:56 | INFO | {'message': 'I just tried an app! It was exciting.', 'author': 'Alice'}
2025-09-21 20:22:56 | INFO | Processed JSON message: {'message': 'I just tried an app! It was exciting.', 'author': 'Alice'}
2025-09-21 20:22:56 | INFO | Message received from author: Alice
2025-09-21 20:22:56 | INFO | Updated author counts: {'Eve': 3, 'Bob': 1, 'Alice': 1}
2025-09-21 20:22:57 | INFO | Chart updated successfully for message: {"message": "I just tried an app! It was exciting.", "author": "Alice"}

2025-09-21 20:22:59 | INFO | {'message': 'I just found a trick! It was exciting.', 'author': 'Alice'}
2025-09-21 20:23:00 | INFO | Processed JSON message: {'message': 'I just found a trick! It was exciting.', 'author': 'Alice'}
2025-09-21 20:23:00 | INFO | Message received from author: Alice
2025-09-21 20:23:00 | INFO | Updated author counts: {'Eve': 3, 'Bob': 1, 'Alice': 2}
2025-09-21 20:23:00 | INFO | Chart updated successfully for message: {"message": "I just found a trick! It was exciting.", "author": "Alice"}

2025-09-21 20:23:02 | INFO | {'message': 'I just found a movie! It was boring.', 'author': 'Alice'}
2025-09-21 20:23:03 | INFO | Processed JSON message: {'message': 'I just found a movie! It was boring.', 'author': 'Alice'}
2025-09-21 20:23:03 | INFO | Message received from author: Alice
2025-09-21 20:23:03 | INFO | Updated author counts: {'Eve': 3, 'Bob': 1, 'Alice': 3}
2025-09-21 20:23:03 | INFO | Chart updated successfully for message: {"message": "I just found a movie! It was boring.", "author": "Alice"}

2025-09-21 20:23:05 | INFO | {'message': 'I just found an app! It was exciting.', 'author': 'Eve'}
2025-09-21 20:23:06 | INFO | Processed JSON message: {'message': 'I just found an app! It was exciting.', 'author': 'Eve'}
2025-09-21 20:23:06 | INFO | Message received from author: Eve
2025-09-21 20:23:06 | INFO | Updated author counts: {'Eve': 4, 'Bob': 1, 'Alice': 3}
2025-09-21 20:23:06 | INFO | Chart updated successfully for message: {"message": "I just found an app! It was exciting.", "author": "Eve"}

2025-09-21 20:23:08 | INFO | {'message': 'I just saw a meme! It was amazing.', 'author': 'Eve'}
2025-09-21 20:23:09 | INFO | Processed JSON message: {'message': 'I just saw a meme! It was amazing.', 'author': 'Eve'}
2025-09-21 20:23:09 | INFO | Message received from author: Eve
2025-09-21 20:23:09 | INFO | Updated author counts: {'Eve': 5, 'Bob': 1, 'Alice': 3}
2025-09-21 20:23:09 | INFO | Chart updated successfully for message: {"message": "I just saw a meme! It was amazing.", "author": "Eve"}

2025-09-21 20:23:11 | INFO | {'message': 'I just saw an app! It was weird.', 'author': 'Eve'}
2025-09-21 20:23:11 | INFO | Processed JSON message: {'message': 'I just saw an app! It was weird.', 'author': 'Eve'}
2025-09-21 20:23:11 | INFO | Message received from author: Eve
2025-09-21 20:23:11 | INFO | Updated author counts: {'Eve': 6, 'Bob': 1, 'Alice': 3}
2025-09-21 20:23:12 | INFO | Chart updated successfully for message: {"message": "I just saw an app! It was weird.", "author": "Eve"}

2025-09-21 20:23:14 | INFO | {'message': 'I just tried a meme! It was amazing.', 'author': 'Eve'}
2025-09-21 20:23:15 | INFO | Processed JSON message: {'message': 'I just tried a meme! It was amazing.', 'author': 'Eve'}
2025-09-21 20:23:15 | INFO | Message received from author: Eve
2025-09-21 20:23:15 | INFO | Updated author counts: {'Eve': 7, 'Bob': 1, 'Alice': 3}
2025-09-21 20:23:15 | INFO | Chart updated successfully for message: {"message": "I just tried a meme! It was amazing.", "author": "Eve"}

2025-09-21 20:23:17 | INFO | {'message': 'I just shared a story! It was amazing.', 'author': 'Eve'}
2025-09-21 20:23:18 | INFO | Processed JSON message: {'message': 'I just shared a story! It was amazing.', 'author': 'Eve'}
2025-09-21 20:23:18 | INFO | Message received from author: Eve
2025-09-21 20:23:18 | INFO | Updated author counts: {'Eve': 8, 'Bob': 1, 'Alice': 3}
2025-09-21 20:23:18 | INFO | Chart updated successfully for message: {"message": "I just shared a story! It was amazing.", "author": "Eve"}

2025-09-21 20:23:20 | INFO | {'message': 'I just saw an app! It was funny.', 'author': 'Eve'}
2025-09-21 20:23:21 | INFO | Processed JSON message: {'message': 'I just saw an app! It was funny.', 'author': 'Eve'}
2025-09-21 20:23:21 | INFO | Message received from author: Eve
2025-09-21 20:23:21 | INFO | Updated author counts: {'Eve': 9, 'Bob': 1, 'Alice': 3}
2025-09-21 20:23:21 | INFO | Chart updated successfully for message: {"message": "I just saw an app! It was funny.", "author": "Eve"}

2025-09-21 20:23:23 | INFO | {'message': 'I just saw a story! It was exciting.', 'author': 'Bob'}
2025-09-21 20:23:24 | INFO | Processed JSON message: {'message': 'I just saw a story! It was exciting.', 'author': 'Bob'}
2025-09-21 20:23:24 | INFO | Message received from author: Bob
2025-09-21 20:23:24 | INFO | Updated author counts: {'Eve': 9, 'Bob': 2, 'Alice': 3}
2025-09-21 20:23:24 | INFO | Chart updated successfully for message: {"message": "I just saw a story! It was exciting.", "author": "Bob"}

2025-09-21 20:23:26 | INFO | {'message': 'I just tried a meme! It was boring.', 'author': 'Alice'}
2025-09-21 20:23:27 | INFO | Processed JSON message: {'message': 'I just tried a meme! It was boring.', 'author': 'Alice'}
2025-09-21 20:23:27 | INFO | Message received from author: Alice
2025-09-21 20:23:27 | INFO | Updated author counts: {'Eve': 9, 'Bob': 2, 'Alice': 4}
2025-09-21 20:23:27 | INFO | Chart updated successfully for message: {"message": "I just tried a meme! It was boring.", "author": "Alice"}

2025-09-21 20:23:29 | INFO | {'message': 'I just loved a story! It was exciting.', 'author': 'Alice'}
2025-09-21 20:23:30 | INFO | Processed JSON message: {'message': 'I just loved a story! It was exciting.', 'author': 'Alice'}
2025-09-21 20:23:30 | INFO | Message received from author: Alice
2025-09-21 20:23:30 | INFO | Updated author counts: {'Eve': 9, 'Bob': 2, 'Alice': 5}
2025-09-21 20:23:30 | INFO | Chart updated successfully for message: {"message": "I just loved a story! It was exciting.", "author": "Alice"}

2025-09-21 20:23:32 | INFO | {'message': 'I just shared a story! It was amazing.', 'author': 'Alice'}
2025-09-21 20:23:33 | INFO | Processed JSON message: {'message': 'I just shared a story! It was amazing.', 'author': 'Alice'}
2025-09-21 20:23:33 | INFO | Message received from author: Alice
2025-09-21 20:23:33 | INFO | Updated author counts: {'Eve': 9, 'Bob': 2, 'Alice': 6}
2025-09-21 20:23:33 | INFO | Chart updated successfully for message: {"message": "I just shared a story! It was amazing.", "author": "Alice"}

2025-09-21 20:23:35 | INFO | {'message': 'I just saw a meme! It was weird.', 'author': 'Bob'}
2025-09-21 20:23:36 | INFO | Processed JSON message: {'message': 'I just saw a meme! It was weird.', 'author': 'Bob'}
2025-09-21 20:23:36 | INFO | Message received from author: Bob
2025-09-21 20:23:36 | INFO | Updated author counts: {'Eve': 9, 'Bob': 3, 'Alice': 6}
2025-09-21 20:23:36 | INFO | Chart updated successfully for message: {"message": "I just saw a meme! It was weird.", "author": "Bob"}

2025-09-21 20:23:38 | INFO | {'message': 'I just shared a meme! It was amazing.', 'author': 'Eve'}
2025-09-21 20:23:39 | INFO | Processed JSON message: {'message': 'I just shared a meme! It was amazing.', 'author': 'Eve'}
2025-09-21 20:23:39 | INFO | Message received from author: Eve
2025-09-21 20:23:39 | INFO | Updated author counts: {'Eve': 10, 'Bob': 3, 'Alice': 6}
2025-09-21 20:23:39 | INFO | Chart updated successfully for message: {"message": "I just shared a meme! It was amazing.", "author": "Eve"}

2025-09-21 20:23:41 | INFO | {'message': 'I just shared an app! It was weird.', 'author': 'Eve'}
2025-09-21 20:23:42 | INFO | Processed JSON message: {'message': 'I just shared an app! It was weird.', 'author': 'Eve'}
2025-09-21 20:23:42 | INFO | Message received from author: Eve
2025-09-21 20:23:42 | INFO | Updated author counts: {'Eve': 11, 'Bob': 3, 'Alice': 6}
2025-09-21 20:23:42 | INFO | Chart updated successfully for message: {"message": "I just shared an app! It was weird.", "author": "Eve"}

2025-09-21 20:23:44 | INFO | {'message': 'I just shared an app! It was boring.', 'author': 'Eve'}
2025-09-21 20:23:45 | INFO | Processed JSON message: {'message': 'I just shared an app! It was boring.', 'author': 'Eve'}
2025-09-21 20:23:45 | INFO | Message received from author: Eve
2025-09-21 20:23:45 | INFO | Updated author counts: {'Eve': 12, 'Bob': 3, 'Alice': 6}
2025-09-21 20:23:45 | INFO | Chart updated successfully for message: {"message": "I just shared an app! It was boring.", "author": "Eve"}

2025-09-21 20:23:47 | INFO | {'message': 'I just saw a meme! It was funny.', 'author': 'Charlie'}
2025-09-21 20:23:48 | INFO | Processed JSON message: {'message': 'I just saw a meme! It was funny.', 'author': 'Charlie'}
2025-09-21 20:23:48 | INFO | Message received from author: Charlie
2025-09-21 20:23:48 | INFO | Updated author counts: {'Eve': 12, 'Bob': 3, 'Alice': 6, 'Charlie': 1}
2025-09-21 20:23:48 | INFO | Chart updated successfully for message: {"message": "I just saw a meme! It was funny.", "author": "Charlie"}

2025-09-21 20:23:50 | INFO | {'message': 'I just loved a meme! It was boring.', 'author': 'Bob'}
2025-09-21 20:23:51 | INFO | Processed JSON message: {'message': 'I just loved a meme! It was boring.', 'author': 'Bob'}
2025-09-21 20:23:51 | INFO | Message received from author: Bob
2025-09-21 20:23:51 | INFO | Updated author counts: {'Eve': 12, 'Bob': 4, 'Alice': 6, 'Charlie': 1}
2025-09-21 20:23:51 | INFO | Chart updated successfully for message: {"message": "I just loved a meme! It was boring.", "author": "Bob"}

2025-09-21 20:23:53 | INFO | {'message': 'I just loved a trick! It was boring.', 'author': 'Eve'}
2025-09-21 20:23:54 | INFO | Processed JSON message: {'message': 'I just loved a trick! It was boring.', 'author': 'Eve'}
2025-09-21 20:23:54 | INFO | Message received from author: Eve
2025-09-21 20:23:54 | INFO | Updated author counts: {'Eve': 13, 'Bob': 4, 'Alice': 6, 'Charlie': 1}
2025-09-21 20:23:54 | INFO | Chart updated successfully for message: {"message": "I just loved a trick! It was boring.", "author": "Eve"}

2025-09-21 20:23:56 | INFO | {'message': 'I just found a movie! It was weird.', 'author': 'Charlie'}
2025-09-21 20:23:57 | INFO | Processed JSON message: {'message': 'I just found a movie! It was weird.', 'author': 'Charlie'}
2025-09-21 20:23:57 | INFO | Message received from author: Charlie
2025-09-21 20:23:57 | INFO | Updated author counts: {'Eve': 13, 'Bob': 4, 'Alice': 6, 'Charlie': 2}
2025-09-21 20:23:57 | INFO | Chart updated successfully for message: {"message": "I just found a movie! It was weird.", "author": "Charlie"}

2025-09-21 20:24:00 | INFO | {'message': 'I just saw a movie! It was weird.', 'author': 'Eve'}
2025-09-21 20:24:00 | INFO | Processed JSON message: {'message': 'I just saw a movie! It was weird.', 'author': 'Eve'}
2025-09-21 20:24:00 | INFO | Message received from author: Eve
2025-09-21 20:24:00 | INFO | Updated author counts: {'Eve': 14, 'Bob': 4, 'Alice': 6, 'Charlie': 2}
2025-09-21 20:24:00 | INFO | Chart updated successfully for message: {"message": "I just saw a movie! It was weird.", "author": "Eve"}

2025-09-21 20:24:03 | INFO | {'message': 'I just saw an app! It was weird.', 'author': 'Alice'}
2025-09-21 20:24:03 | INFO | Processed JSON message: {'message': 'I just saw an app! It was weird.', 'author': 'Alice'}
2025-09-21 20:24:03 | INFO | Message received from author: Alice
2025-09-21 20:24:03 | INFO | Updated author counts: {'Eve': 14, 'Bob': 4, 'Alice': 7, 'Charlie': 2}
2025-09-21 20:24:03 | INFO | Chart updated successfully for message: {"message": "I just saw an app! It was weird.", "author": "Alice"}

2025-09-21 20:24:06 | INFO | {'message': 'I just tried a story! It was funny.', 'author': 'Alice'}
2025-09-21 20:24:06 | INFO | Processed JSON message: {'message': 'I just tried a story! It was funny.', 'author': 'Alice'}
2025-09-21 20:24:06 | INFO | Message received from author: Alice
2025-09-21 20:24:06 | INFO | Updated author counts: {'Eve': 14, 'Bob': 4, 'Alice': 8, 'Charlie': 2}
2025-09-21 20:24:06 | INFO | Chart updated successfully for message: {"message": "I just tried a story! It was funny.", "author": "Alice"}

2025-09-21 20:24:09 | INFO | {'message': 'I just loved a trick! It was exciting.', 'author': 'Eve'}
2025-09-21 20:24:09 | INFO | Processed JSON message: {'message': 'I just loved a trick! It was exciting.', 'author': 'Eve'}
2025-09-21 20:24:09 | INFO | Message received from author: Eve
2025-09-21 20:24:09 | INFO | Updated author counts: {'Eve': 15, 'Bob': 4, 'Alice': 8, 'Charlie': 2}
2025-09-21 20:24:09 | INFO | Chart updated successfully for message: {"message": "I just loved a trick! It was exciting.", "author": "Eve"}

2025-09-21 20:24:12 | INFO | {'message': 'I just saw an app! It was funny.', 'author': 'Bob'}
2025-09-21 20:24:12 | INFO | Processed JSON message: {'message': 'I just saw an app! It was funny.', 'author': 'Bob'}
2025-09-21 20:24:12 | INFO | Message received from author: Bob
2025-09-21 20:24:12 | INFO | Updated author counts: {'Eve': 15, 'Bob': 5, 'Alice': 8, 'Charlie': 2}
2025-09-21 20:24:12 | INFO | Chart updated successfully for message: {"message": "I just saw an app! It was funny.", "author": "Bob"}

2025-09-21 20:24:15 | INFO | {'message': 'I just shared a story! It was amazing.', 'author': 'Eve'}
2025-09-21 20:24:15 | INFO | Processed JSON message: {'message': 'I just shared a story! It was amazing.', 'author': 'Eve'}
2025-09-21 20:24:15 | INFO | Message received from author: Eve
2025-09-21 20:24:15 | INFO | Updated author counts: {'Eve': 16, 'Bob': 5, 'Alice': 8, 'Charlie': 2}
2025-09-21 20:24:15 | INFO | Chart updated successfully for message: {"message": "I just shared a story! It was amazing.", "author": "Eve"}

2025-09-21 20:24:18 | INFO | {'message': 'I just saw a movie! It was exciting.', 'author': 'Alice'}
2025-09-21 20:24:18 | INFO | Processed JSON message: {'message': 'I just saw a movie! It was exciting.', 'author': 'Alice'}
2025-09-21 20:24:18 | INFO | Message received from author: Alice
2025-09-21 20:24:18 | INFO | Updated author counts: {'Eve': 16, 'Bob': 5, 'Alice': 9, 'Charlie': 2}
2025-09-21 20:24:18 | INFO | Chart updated successfully for message: {"message": "I just saw a movie! It was exciting.", "author": "Alice"}

2025-09-21 20:24:21 | INFO | {'message': 'I just tried a story! It was amazing.', 'author': 'Bob'}
2025-09-21 20:24:21 | INFO | Processed JSON message: {'message': 'I just tried a story! It was amazing.', 'author': 'Bob'}
2025-09-21 20:24:21 | INFO | Message received from author: Bob
2025-09-21 20:24:21 | INFO | Updated author counts: {'Eve': 16, 'Bob': 6, 'Alice': 9, 'Charlie': 2}
2025-09-21 20:24:21 | INFO | Chart updated successfully for message: {"message": "I just tried a story! It was amazing.", "author": "Bob"}

2025-09-21 20:24:24 | INFO | {'message': 'I just saw a story! It was funny.', 'author': 'Alice'}
2025-09-21 20:24:24 | INFO | Processed JSON message: {'message': 'I just saw a story! It was funny.', 'author': 'Alice'}
2025-09-21 20:24:24 | INFO | Message received from author: Alice
2025-09-21 20:24:24 | INFO | Updated author counts: {'Eve': 16, 'Bob': 6, 'Alice': 10, 'Charlie': 2}
2025-09-21 20:24:24 | INFO | Chart updated successfully for message: {"message": "I just saw a story! It was funny.", "author": "Alice"}

2025-09-21 20:24:27 | INFO | {'message': 'I just tried a trick! It was funny.', 'author': 'Alice'}
2025-09-21 20:24:27 | INFO | Processed JSON message: {'message': 'I just tried a trick! It was funny.', 'author': 'Alice'}
2025-09-21 20:24:27 | INFO | Message received from author: Alice
2025-09-21 20:24:27 | INFO | Updated author counts: {'Eve': 16, 'Bob': 6, 'Alice': 11, 'Charlie': 2}
2025-09-21 20:24:27 | INFO | Chart updated successfully for message: {"message": "I just tried a trick! It was funny.", "author": "Alice"}

2025-09-21 20:24:30 | INFO | {'message': 'I just shared a meme! It was amazing.', 'author': 'Alice'}
2025-09-21 20:24:30 | INFO | Processed JSON message: {'message': 'I just shared a meme! It was amazing.', 'author': 'Alice'}
2025-09-21 20:24:30 | INFO | Message received from author: Alice
2025-09-21 20:24:30 | INFO | Updated author counts: {'Eve': 16, 'Bob': 6, 'Alice': 12, 'Charlie': 2}
2025-09-21 20:24:30 | INFO | Chart updated successfully for message: {"message": "I just shared a meme! It was amazing.", "author": "Alice"}

2025-09-21 20:24:33 | INFO | {'message': 'I just tried an app! It was funny.', 'author': 'Eve'}
2025-09-21 20:24:33 | INFO | Processed JSON message: {'message': 'I just tried an app! It was funny.', 'author': 'Eve'}
2025-09-21 20:24:33 | INFO | Message received from author: Eve
2025-09-21 20:24:33 | INFO | Updated author counts: {'Eve': 17, 'Bob': 6, 'Alice': 12, 'Charlie': 2}
2025-09-21 20:24:33 | INFO | Chart updated successfully for message: {"message": "I just tried an app! It was funny.", "author": "Eve"}

2025-09-21 20:24:36 | INFO | {'message': 'I just saw a trick! It was weird.', 'author': 'Eve'}
2025-09-21 20:24:36 | INFO | Processed JSON message: {'message': 'I just saw a trick! It was weird.', 'author': 'Eve'}
2025-09-21 20:24:36 | INFO | Message received from author: Eve
2025-09-21 20:24:36 | INFO | Updated author counts: {'Eve': 18, 'Bob': 6, 'Alice': 12, 'Charlie': 2}
2025-09-21 20:24:36 | INFO | Chart updated successfully for message: {"message": "I just saw a trick! It was weird.", "author": "Eve"}

2025-09-21 20:24:39 | INFO | {'message': 'I just tried a story! It was weird.', 'author': 'Charlie'}
2025-09-21 20:24:39 | INFO | Processed JSON message: {'message': 'I just tried a story! It was weird.', 'author': 'Charlie'}
2025-09-21 20:24:39 | INFO | Message received from author: Charlie
2025-09-21 20:24:39 | INFO | Updated author counts: {'Eve': 18, 'Bob': 6, 'Alice': 12, 'Charlie': 3}
2025-09-21 20:24:39 | INFO | Chart updated successfully for message: {"message": "I just tried a story! It was weird.", "author": "Charlie"}

2025-09-21 20:24:42 | INFO | {'message': 'I just loved a movie! It was exciting.', 'author': 'Eve'}
2025-09-21 20:24:42 | INFO | Processed JSON message: {'message': 'I just loved a movie! It was exciting.', 'author': 'Eve'}
2025-09-21 20:24:42 | INFO | Message received from author: Eve
2025-09-21 20:24:42 | INFO | Updated author counts: {'Eve': 19, 'Bob': 6, 'Alice': 12, 'Charlie': 3}
2025-09-21 20:24:42 | INFO | Chart updated successfully for message: {"message": "I just loved a movie! It was exciting.", "author": "Eve"}

2025-09-21 20:24:45 | INFO | {'message': 'I just tried a meme! It was exciting.', 'author': 'Charlie'}
2025-09-21 20:24:45 | INFO | Processed JSON message: {'message': 'I just tried a meme! It was exciting.', 'author': 'Charlie'}
2025-09-21 20:24:45 | INFO | Message received from author: Charlie
2025-09-21 20:24:45 | INFO | Updated author counts: {'Eve': 19, 'Bob': 6, 'Alice': 12, 'Charlie': 4}
2025-09-21 20:24:45 | INFO | Chart updated successfully for message: {"message": "I just tried a meme! It was exciting.", "author": "Charlie"}

2025-09-21 20:24:48 | INFO | {'message': 'I just shared a meme! It was exciting.', 'author': 'Eve'}
2025-09-21 20:24:48 | INFO | Processed JSON message: {'message': 'I just shared a meme! It was exciting.', 'author': 'Eve'}
2025-09-21 20:24:48 | INFO | Message received from author: Eve
2025-09-21 20:24:48 | INFO | Updated author counts: {'Eve': 20, 'Bob': 6, 'Alice': 12, 'Charlie': 4}
2025-09-21 20:24:48 | INFO | Chart updated successfully for message: {"message": "I just shared a meme! It was exciting.", "author": "Eve"}

2025-09-21 20:24:51 | INFO | {'message': 'I just found an app! It was amazing.', 'author': 'Eve'}
2025-09-21 20:24:51 | INFO | Processed JSON message: {'message': 'I just found an app! It was amazing.', 'author': 'Eve'}
2025-09-21 20:24:51 | INFO | Message received from author: Eve
2025-09-21 20:24:51 | INFO | Updated author counts: {'Eve': 21, 'Bob': 6, 'Alice': 12, 'Charlie': 4}
2025-09-21 20:24:51 | INFO | Chart updated successfully for message: {"message": "I just found an app! It was amazing.", "author": "Eve"}

2025-09-21 20:24:54 | INFO | {'message': 'I just tried a meme! It was boring.', 'author': 'Alice'}
2025-09-21 20:24:54 | INFO | Processed JSON message: {'message': 'I just tried a meme! It was boring.', 'author': 'Alice'}
2025-09-21 20:24:54 | INFO | Message received from author: Alice
2025-09-21 20:24:54 | INFO | Updated author counts: {'Eve': 21, 'Bob': 6, 'Alice': 13, 'Charlie': 4}
2025-09-21 20:24:54 | INFO | Chart updated successfully for message: {"message": "I just tried a meme! It was boring.", "author": "Alice"}

2025-09-21 20:24:57 | INFO | {'message': 'I just loved a story! It was boring.', 'author': 'Charlie'}
2025-09-21 20:24:57 | INFO | Processed JSON message: {'message': 'I just loved a story! It was boring.', 'author': 'Charlie'}
2025-09-21 20:24:57 | INFO | Message received from author: Charlie
2025-09-21 20:24:57 | INFO | Updated author counts: {'Eve': 21, 'Bob': 6, 'Alice': 13, 'Charlie': 5}
2025-09-21 20:24:57 | INFO | Chart updated successfully for message: {"message": "I just loved a story! It was boring.", "author": "Charlie"}

2025-09-21 20:25:00 | INFO | {'message': 'I just loved a story! It was funny.', 'author': 'Charlie'}
2025-09-21 20:25:00 | INFO | Processed JSON message: {'message': 'I just loved a story! It was funny.', 'author': 'Charlie'}
2025-09-21 20:25:00 | INFO | Message received from author: Charlie
2025-09-21 20:25:00 | INFO | Updated author counts: {'Eve': 21, 'Bob': 6, 'Alice': 13, 'Charlie': 6}
2025-09-21 20:25:00 | INFO | Chart updated successfully for message: {"message": "I just loved a story! It was funny.", "author": "Charlie"}

2025-09-21 20:25:03 | INFO | {'message': 'I just tried a story! It was exciting.', 'author': 'Charlie'}
2025-09-21 20:25:03 | INFO | Processed JSON message: {'message': 'I just tried a story! It was exciting.', 'author': 'Charlie'}
2025-09-21 20:25:03 | INFO | Message received from author: Charlie
2025-09-21 20:25:03 | INFO | Updated author counts: {'Eve': 21, 'Bob': 6, 'Alice': 13, 'Charlie': 7}
2025-09-21 20:25:03 | INFO | Chart updated successfully for message: {"message": "I just tried a story! It was exciting.", "author": "Charlie"}

2025-09-21 20:25:06 | INFO | {'message': 'I just loved a movie! It was exciting.', 'author': 'Bob'}
2025-09-21 20:25:06 | INFO | Processed JSON message: {'message': 'I just loved a movie! It was exciting.', 'author': 'Bob'}
2025-09-21 20:25:06 | INFO | Message received from author: Bob
2025-09-21 20:25:06 | INFO | Updated author counts: {'Eve': 21, 'Bob': 7, 'Alice': 13, 'Charlie': 7}
2025-09-21 20:25:06 | INFO | Chart updated successfully for message: {"message": "I just loved a movie! It was exciting.", "author": "Bob"}

2025-09-21 20:25:08 | WARNING | Producer interrupted by user.
2025-09-21 20:25:08 | INFO | Producer shutting down.
2025-09-21 20:25:10 | INFO | Consumer interrupted by user.
2025-09-21 20:25:13 | INFO | Consumer closed.
2025-09-21 20:37:22 | INFO | Logging to file: logs/project_log.log
2025-09-21 20:37:22 | INFO | Log sanitization enabled, personal info removed
2025-09-21 20:37:22 | INFO | Project root: C:/Users/USER/Documents/44671 Streaming Data/buzzline-04-mcruz
2025-09-21 20:37:22 | INFO | Data folder: C:/Users/USER/Documents/44671 Streaming Data/buzzline-04-mcruz/data
2025-09-21 20:37:22 | INFO | Data file: C:/Users/USER/Documents/44671 Streaming Data/buzzline-04-mcruz/data/buzz_live.json
2025-09-21 20:37:22 | INFO | START producer...
2025-09-21 20:37:22 | INFO | Hit CTRL c (or CMD c) to close.
2025-09-21 20:37:22 | INFO | Message interval: 3 seconds
2025-09-21 20:37:22 | INFO | {'message': 'I just saw a movie! It was funny.', 'author': 'Alice'}
2025-09-21 20:37:25 | INFO | {'message': 'I just saw a meme! It was funny.', 'author': 'Charlie'}
2025-09-21 20:37:28 | INFO | {'message': 'I just loved a meme! It was amazing.', 'author': 'Alice'}
2025-09-21 20:37:31 | INFO | {'message': 'I just shared a movie! It was weird.', 'author': 'Bob'}
2025-09-21 20:37:34 | INFO | {'message': 'I just loved a trick! It was weird.', 'author': 'Eve'}
2025-09-21 20:37:37 | INFO | {'message': 'I just saw an app! It was amazing.', 'author': 'Eve'}
2025-09-21 20:37:40 | INFO | {'message': 'I just shared a movie! It was funny.', 'author': 'Bob'}
2025-09-21 20:37:43 | INFO | {'message': 'I just found a meme! It was amazing.', 'author': 'Eve'}
2025-09-21 20:37:46 | INFO | {'message': 'I just shared a trick! It was weird.', 'author': 'Bob'}
2025-09-21 20:37:49 | INFO | {'message': 'I just loved a meme! It was boring.', 'author': 'Alice'}
2025-09-21 20:37:52 | INFO | {'message': 'I just found a story! It was funny.', 'author': 'Alice'}
2025-09-21 20:37:55 | INFO | {'message': 'I just tried an app! It was boring.', 'author': 'Eve'}
2025-09-21 20:37:58 | INFO | {'message': 'I just loved a trick! It was weird.', 'author': 'Bob'}
2025-09-21 20:38:01 | INFO | {'message': 'I just shared a meme! It was weird.', 'author': 'Charlie'}
2025-09-21 20:38:04 | INFO | {'message': 'I just found an app! It was funny.', 'author': 'Eve'}
2025-09-21 20:38:07 | INFO | {'message': 'I just loved a trick! It was exciting.', 'author': 'Charlie'}
2025-09-21 20:38:10 | INFO | {'message': 'I just loved a trick! It was exciting.', 'author': 'Charlie'}
2025-09-21 20:38:13 | INFO | {'message': 'I just loved an app! It was exciting.', 'author': 'Bob'}
2025-09-21 20:38:16 | INFO | {'message': 'I just shared an app! It was exciting.', 'author': 'Bob'}
2025-09-21 20:38:19 | INFO | {'message': 'I just saw a movie! It was amazing.', 'author': 'Alice'}
2025-09-21 20:38:22 | INFO | {'message': 'I just loved an app! It was boring.', 'author': 'Charlie'}
2025-09-21 20:38:25 | INFO | {'message': 'I just loved a story! It was amazing.', 'author': 'Bob'}
2025-09-21 20:38:28 | INFO | {'message': 'I just tried a story! It was weird.', 'author': 'Bob'}
2025-09-21 20:38:31 | INFO | {'message': 'I just saw a meme! It was funny.', 'author': 'Alice'}
2025-09-21 20:38:33 | WARNING | Producer interrupted by user.
2025-09-21 20:38:33 | INFO | Producer shutting down.
2025-09-21 20:39:11 | INFO | Logging to file: logs/project_log.log
2025-09-21 20:39:11 | INFO | Log sanitization enabled, personal info removed
2025-09-21 20:39:11 | INFO | Project root: C:/Users/USER/Documents/44671 Streaming Data/buzzline-04-mcruz
2025-09-21 20:39:11 | INFO | Data folder: C:/Users/USER/Documents/44671 Streaming Data/buzzline-04-mcruz/data
2025-09-21 20:39:11 | INFO | Data file: C:/Users/USER/Documents/44671 Streaming Data/buzzline-04-mcruz/data/smoker_temps.csv
2025-09-21 20:39:11 | INFO | START producer.
2025-09-21 20:39:11 | INFO | Kafka broker address: localhost:9092
2025-09-21 20:39:11 | INFO | Kafka is ready. Brokers: {'throttle_time_ms': 0, 'brokers': [{'node_id': 1, 'host': 'localhost', 'port': 9092, 'rack': None}], 'cluster_id': 'vFqzhTEhQa6aR7me4AZZ3g', 'controller_id': 1}
2025-09-21 20:39:11 | INFO | Kafka topic: smoker_csv
2025-09-21 20:39:11 | INFO | Message interval: 5 seconds
2025-09-21 20:39:11 | INFO | Kafka broker address: localhost:9092
2025-09-21 20:39:11 | INFO | Connecting to Kafka broker at localhost:9092...
2025-09-21 20:39:11 | INFO | Kafka producer successfully created.
2025-09-21 20:39:11 | INFO | Kafka broker address: localhost:9092
2025-09-21 20:39:12 | INFO | Topic 'smoker_csv' already exists. Recreating fresh...
2025-09-21 20:39:12 | INFO | Requested deletion of topic 'smoker_csv'.
2025-09-21 20:39:12 | INFO | Topic 'smoker_csv' created successfully.
2025-09-21 20:39:12 | INFO | Kafka topic 'smoker_csv' is ready.
2025-09-21 20:39:12 | INFO | Starting message production to topic 'smoker_csv'...
2025-09-21 20:39:12 | INFO | Opening data file in read mode: C:/Users/USER/Documents/44671 Streaming Data/buzzline-04-mcruz/data/smoker_temps.csv
2025-09-21 20:39:12 | INFO | Reading data from file: C:/Users/USER/Documents/44671 Streaming Data/buzzline-04-mcruz/data/smoker_temps.csv
2025-09-21 20:39:12 | INFO | Sent message to topic 'smoker_csv': {'timestamp': '2025-09-22T01:39:12.244160', 'temperature': 70.4}
2025-09-21 20:39:17 | INFO | Sent message to topic 'smoker_csv': {'timestamp': '2025-09-22T01:39:17.247652', 'temperature': 70.8}
2025-09-21 20:39:22 | INFO | Sent message to topic 'smoker_csv': {'timestamp': '2025-09-22T01:39:22.250507', 'temperature': 71.2}
2025-09-21 20:39:27 | INFO | Sent message to topic 'smoker_csv': {'timestamp': '2025-09-22T01:39:27.256965', 'temperature': 71.6}
2025-09-21 20:39:32 | INFO | Sent message to topic 'smoker_csv': {'timestamp': '2025-09-22T01:39:32.258860', 'temperature': 72.0}
2025-09-21 20:39:37 | INFO | Sent message to topic 'smoker_csv': {'timestamp': '2025-09-22T01:39:37.262886', 'temperature': 72.4}
2025-09-21 20:39:38 | WARNING | Producer interrupted by user.
2025-09-21 20:39:38 | INFO | Kafka producer closed.
2025-09-21 20:39:38 | INFO | END producer.
2025-09-21 20:42:45 | INFO | Logging to file: logs/project_log.log
2025-09-21 20:42:45 | INFO | Log sanitization enabled, personal info removed
2025-09-21 20:42:45 | INFO | Project root: C:/Users/USER/Documents/44671 Streaming Data/buzzline-04-mcruz
2025-09-21 20:42:45 | INFO | Data folder: C:/Users/USER/Documents/44671 Streaming Data/buzzline-04-mcruz/data
2025-09-21 20:42:45 | INFO | Data file: C:/Users/USER/Documents/44671 Streaming Data/buzzline-04-mcruz/data/buzz_live.json
2025-09-21 20:42:45 | INFO | START producer...
2025-09-21 20:42:45 | INFO | Hit CTRL c (or CMD c) to close.
2025-09-21 20:42:45 | INFO | Message interval: 3 seconds
2025-09-21 20:42:45 | INFO | {'message': 'I just shared a movie! It was weird.', 'author': 'Charlie'}
2025-09-21 20:42:48 | INFO | {'message': 'I just found a meme! It was funny.', 'author': 'Alice'}
2025-09-21 20:42:51 | INFO | {'message': 'I just shared a trick! It was exciting.', 'author': 'Alice'}
2025-09-21 20:42:54 | INFO | {'message': 'I just found a trick! It was amazing.', 'author': 'Alice'}
2025-09-21 20:42:54 | INFO | Logging to file: logs/project_log.log
2025-09-21 20:42:54 | INFO | Log sanitization enabled, personal info removed
2025-09-21 20:42:54 | INFO | Project root: C:/Users/USER/Documents/44671 Streaming Data/buzzline-04-mcruz
2025-09-21 20:42:54 | INFO | Data folder: C:/Users/USER/Documents/44671 Streaming Data/buzzline-04-mcruz/data
2025-09-21 20:42:54 | INFO | Data file: C:/Users/USER/Documents/44671 Streaming Data/buzzline-04-mcruz/data/buzz_live.json
2025-09-21 20:42:55 | INFO | START consumer.
2025-09-21 20:42:57 | INFO | {'message': 'I just saw a movie! It was exciting.', 'author': 'Eve'}
2025-09-21 20:42:57 | INFO | Processed JSON message: {'message': 'I just saw a movie! It was exciting.', 'author': 'Eve'}
2025-09-21 20:42:57 | INFO | Message received from author: Eve
2025-09-21 20:42:57 | INFO | Updated author counts: {'Eve': 1}
2025-09-21 20:42:58 | INFO | Chart updated successfully for message: {"message": "I just saw a movie! It was exciting.", "author": "Eve"}

2025-09-21 20:43:00 | INFO | {'message': 'I just tried a story! It was funny.', 'author': 'Charlie'}
2025-09-21 20:43:01 | INFO | Processed JSON message: {'message': 'I just tried a story! It was funny.', 'author': 'Charlie'}
2025-09-21 20:43:01 | INFO | Message received from author: Charlie
2025-09-21 20:43:01 | INFO | Updated author counts: {'Eve': 1, 'Charlie': 1}
2025-09-21 20:43:01 | INFO | Chart updated successfully for message: {"message": "I just tried a story! It was funny.", "author": "Charlie"}

2025-09-21 20:43:03 | INFO | {'message': 'I just tried a story! It was weird.', 'author': 'Eve'}
2025-09-21 20:43:03 | INFO | Processed JSON message: {'message': 'I just tried a story! It was weird.', 'author': 'Eve'}
2025-09-21 20:43:03 | INFO | Message received from author: Eve
2025-09-21 20:43:03 | INFO | Updated author counts: {'Eve': 2, 'Charlie': 1}
2025-09-21 20:43:03 | INFO | Chart updated successfully for message: {"message": "I just tried a story! It was weird.", "author": "Eve"}

2025-09-21 20:43:06 | INFO | {'message': 'I just tried a trick! It was exciting.', 'author': 'Bob'}
2025-09-21 20:43:06 | INFO | Processed JSON message: {'message': 'I just tried a trick! It was exciting.', 'author': 'Bob'}
2025-09-21 20:43:06 | INFO | Message received from author: Bob
2025-09-21 20:43:06 | INFO | Updated author counts: {'Eve': 2, 'Charlie': 1, 'Bob': 1}
2025-09-21 20:43:06 | INFO | Chart updated successfully for message: {"message": "I just tried a trick! It was exciting.", "author": "Bob"}

2025-09-21 20:43:09 | INFO | {'message': 'I just shared an app! It was funny.', 'author': 'Eve'}
2025-09-21 20:43:09 | INFO | Processed JSON message: {'message': 'I just shared an app! It was funny.', 'author': 'Eve'}
2025-09-21 20:43:09 | INFO | Message received from author: Eve
2025-09-21 20:43:09 | INFO | Updated author counts: {'Eve': 3, 'Charlie': 1, 'Bob': 1}
2025-09-21 20:43:09 | INFO | Chart updated successfully for message: {"message": "I just shared an app! It was funny.", "author": "Eve"}

2025-09-21 20:43:12 | INFO | {'message': 'I just found an app! It was boring.', 'author': 'Eve'}
2025-09-21 20:43:12 | INFO | Processed JSON message: {'message': 'I just found an app! It was boring.', 'author': 'Eve'}
2025-09-21 20:43:12 | INFO | Message received from author: Eve
2025-09-21 20:43:12 | INFO | Updated author counts: {'Eve': 4, 'Charlie': 1, 'Bob': 1}
2025-09-21 20:43:13 | INFO | Chart updated successfully for message: {"message": "I just found an app! It was boring.", "author": "Eve"}

2025-09-21 20:43:15 | INFO | {'message': 'I just saw a story! It was amazing.', 'author': 'Alice'}
2025-09-21 20:43:16 | INFO | Processed JSON message: {'message': 'I just saw a story! It was amazing.', 'author': 'Alice'}
2025-09-21 20:43:16 | INFO | Message received from author: Alice
2025-09-21 20:43:16 | INFO | Updated author counts: {'Eve': 4, 'Charlie': 1, 'Bob': 1, 'Alice': 1}
2025-09-21 20:43:16 | INFO | Chart updated successfully for message: {"message": "I just saw a story! It was amazing.", "author": "Alice"}

2025-09-21 20:43:18 | INFO | {'message': 'I just loved an app! It was weird.', 'author': 'Alice'}
2025-09-21 20:43:19 | INFO | Processed JSON message: {'message': 'I just loved an app! It was weird.', 'author': 'Alice'}
2025-09-21 20:43:19 | INFO | Message received from author: Alice
2025-09-21 20:43:19 | INFO | Updated author counts: {'Eve': 4, 'Charlie': 1, 'Bob': 1, 'Alice': 2}
2025-09-21 20:43:19 | INFO | Chart updated successfully for message: {"message": "I just loved an app! It was weird.", "author": "Alice"}

2025-09-21 20:43:21 | INFO | {'message': 'I just found a movie! It was exciting.', 'author': 'Eve'}
2025-09-21 20:43:21 | INFO | Processed JSON message: {'message': 'I just found a movie! It was exciting.', 'author': 'Eve'}
2025-09-21 20:43:21 | INFO | Message received from author: Eve
2025-09-21 20:43:21 | INFO | Updated author counts: {'Eve': 5, 'Charlie': 1, 'Bob': 1, 'Alice': 2}
2025-09-21 20:43:21 | INFO | Chart updated successfully for message: {"message": "I just found a movie! It was exciting.", "author": "Eve"}

2025-09-21 20:43:24 | INFO | {'message': 'I just loved an app! It was weird.', 'author': 'Alice'}
2025-09-21 20:43:24 | INFO | Processed JSON message: {'message': 'I just loved an app! It was weird.', 'author': 'Alice'}
2025-09-21 20:43:24 | INFO | Message received from author: Alice
2025-09-21 20:43:24 | INFO | Updated author counts: {'Eve': 5, 'Charlie': 1, 'Bob': 1, 'Alice': 3}
2025-09-21 20:43:24 | INFO | Chart updated successfully for message: {"message": "I just loved an app! It was weird.", "author": "Alice"}

2025-09-21 20:43:27 | INFO | {'message': 'I just tried an app! It was exciting.', 'author': 'Bob'}
2025-09-21 20:43:27 | INFO | Processed JSON message: {'message': 'I just tried an app! It was exciting.', 'author': 'Bob'}
2025-09-21 20:43:27 | INFO | Message received from author: Bob
2025-09-21 20:43:27 | INFO | Updated author counts: {'Eve': 5, 'Charlie': 1, 'Bob': 2, 'Alice': 3}
2025-09-21 20:43:27 | INFO | Chart updated successfully for message: {"message": "I just tried an app! It was exciting.", "author": "Bob"}

2025-09-21 20:43:30 | INFO | {'message': 'I just shared a movie! It was funny.', 'author': 'Bob'}
2025-09-21 20:43:30 | INFO | Processed JSON message: {'message': 'I just shared a movie! It was funny.', 'author': 'Bob'}
2025-09-21 20:43:31 | INFO | Message received from author: Bob
2025-09-21 20:43:31 | INFO | Updated author counts: {'Eve': 5, 'Charlie': 1, 'Bob': 3, 'Alice': 3}
2025-09-21 20:43:31 | INFO | Chart updated successfully for message: {"message": "I just shared a movie! It was funny.", "author": "Bob"}

2025-09-21 20:43:33 | INFO | {'message': 'I just saw a meme! It was amazing.', 'author': 'Eve'}
2025-09-21 20:43:34 | INFO | Processed JSON message: {'message': 'I just saw a meme! It was amazing.', 'author': 'Eve'}
2025-09-21 20:43:34 | INFO | Message received from author: Eve
2025-09-21 20:43:34 | INFO | Updated author counts: {'Eve': 6, 'Charlie': 1, 'Bob': 3, 'Alice': 3}
2025-09-21 20:43:34 | INFO | Chart updated successfully for message: {"message": "I just saw a meme! It was amazing.", "author": "Eve"}

2025-09-21 20:43:36 | INFO | {'message': 'I just loved an app! It was exciting.', 'author': 'Eve'}
2025-09-21 20:43:37 | INFO | Processed JSON message: {'message': 'I just loved an app! It was exciting.', 'author': 'Eve'}
2025-09-21 20:43:37 | INFO | Message received from author: Eve
2025-09-21 20:43:37 | INFO | Updated author counts: {'Eve': 7, 'Charlie': 1, 'Bob': 3, 'Alice': 3}
2025-09-21 20:43:37 | INFO | Chart updated successfully for message: {"message": "I just loved an app! It was exciting.", "author": "Eve"}

2025-09-21 20:43:39 | INFO | {'message': 'I just saw a movie! It was amazing.', 'author': 'Alice'}
2025-09-21 20:43:39 | INFO | Processed JSON message: {'message': 'I just saw a movie! It was amazing.', 'author': 'Alice'}
2025-09-21 20:43:39 | INFO | Message received from author: Alice
2025-09-21 20:43:39 | INFO | Updated author counts: {'Eve': 7, 'Charlie': 1, 'Bob': 3, 'Alice': 4}
2025-09-21 20:43:39 | INFO | Chart updated successfully for message: {"message": "I just saw a movie! It was amazing.", "author": "Alice"}

2025-09-21 20:43:42 | INFO | {'message': 'I just tried a movie! It was boring.', 'author': 'Bob'}
2025-09-21 20:43:42 | INFO | Processed JSON message: {'message': 'I just tried a movie! It was boring.', 'author': 'Bob'}
2025-09-21 20:43:42 | INFO | Message received from author: Bob
2025-09-21 20:43:42 | INFO | Updated author counts: {'Eve': 7, 'Charlie': 1, 'Bob': 4, 'Alice': 4}
2025-09-21 20:43:43 | INFO | Chart updated successfully for message: {"message": "I just tried a movie! It was boring.", "author": "Bob"}

2025-09-21 20:43:45 | INFO | {'message': 'I just shared a meme! It was funny.', 'author': 'Bob'}
2025-09-21 20:43:46 | INFO | Processed JSON message: {'message': 'I just shared a meme! It was funny.', 'author': 'Bob'}
2025-09-21 20:43:46 | INFO | Message received from author: Bob
2025-09-21 20:43:46 | INFO | Updated author counts: {'Eve': 7, 'Charlie': 1, 'Bob': 5, 'Alice': 4}
2025-09-21 20:43:46 | INFO | Chart updated successfully for message: {"message": "I just shared a meme! It was funny.", "author": "Bob"}

2025-09-21 20:43:48 | INFO | {'message': 'I just loved a trick! It was weird.', 'author': 'Alice'}
2025-09-21 20:43:49 | INFO | Processed JSON message: {'message': 'I just loved a trick! It was weird.', 'author': 'Alice'}
2025-09-21 20:43:49 | INFO | Message received from author: Alice
2025-09-21 20:43:49 | INFO | Updated author counts: {'Eve': 7, 'Charlie': 1, 'Bob': 5, 'Alice': 5}
2025-09-21 20:43:49 | INFO | Chart updated successfully for message: {"message": "I just loved a trick! It was weird.", "author": "Alice"}

2025-09-21 20:43:51 | INFO | {'message': 'I just loved a movie! It was funny.', 'author': 'Eve'}
2025-09-21 20:43:51 | INFO | Processed JSON message: {'message': 'I just loved a movie! It was funny.', 'author': 'Eve'}
2025-09-21 20:43:51 | INFO | Message received from author: Eve
2025-09-21 20:43:51 | INFO | Updated author counts: {'Eve': 8, 'Charlie': 1, 'Bob': 5, 'Alice': 5}
2025-09-21 20:43:51 | INFO | Chart updated successfully for message: {"message": "I just loved a movie! It was funny.", "author": "Eve"}

2025-09-21 20:43:54 | INFO | {'message': 'I just tried a movie! It was weird.', 'author': 'Charlie'}
2025-09-21 20:43:54 | INFO | Processed JSON message: {'message': 'I just tried a movie! It was weird.', 'author': 'Charlie'}
2025-09-21 20:43:54 | INFO | Message received from author: Charlie
2025-09-21 20:43:54 | INFO | Updated author counts: {'Eve': 8, 'Charlie': 2, 'Bob': 5, 'Alice': 5}
2025-09-21 20:43:55 | INFO | Chart updated successfully for message: {"message": "I just tried a movie! It was weird.", "author": "Charlie"}

2025-09-21 20:43:57 | INFO | {'message': 'I just shared a movie! It was weird.', 'author': 'Eve'}
2025-09-21 20:43:58 | INFO | Processed JSON message: {'message': 'I just shared a movie! It was weird.', 'author': 'Eve'}
2025-09-21 20:43:58 | INFO | Message received from author: Eve
2025-09-21 20:43:58 | INFO | Updated author counts: {'Eve': 9, 'Charlie': 2, 'Bob': 5, 'Alice': 5}
2025-09-21 20:43:58 | INFO | Chart updated successfully for message: {"message": "I just shared a movie! It was weird.", "author": "Eve"}

2025-09-21 20:44:00 | INFO | {'message': 'I just found a meme! It was weird.', 'author': 'Eve'}
2025-09-21 20:44:01 | INFO | Processed JSON message: {'message': 'I just found a meme! It was weird.', 'author': 'Eve'}
2025-09-21 20:44:01 | INFO | Message received from author: Eve
2025-09-21 20:44:01 | INFO | Updated author counts: {'Eve': 10, 'Charlie': 2, 'Bob': 5, 'Alice': 5}
2025-09-21 20:44:01 | INFO | Chart updated successfully for message: {"message": "I just found a meme! It was weird.", "author": "Eve"}

2025-09-21 20:44:03 | INFO | {'message': 'I just shared a trick! It was boring.', 'author': 'Bob'}
2025-09-21 20:44:04 | INFO | Consumer interrupted by user.
2025-09-21 20:44:06 | WARNING | Producer interrupted by user.
2025-09-21 20:44:06 | INFO | Producer shutting down.
2025-09-21 20:44:08 | INFO | Consumer closed.
2025-09-21 20:44:46 | INFO | Logging to file: logs/project_log.log
2025-09-21 20:44:46 | INFO | Log sanitization enabled, personal info removed
2025-09-21 20:44:46 | INFO | Project root: C:/Users/USER/Documents/44671 Streaming Data/buzzline-04-mcruz
2025-09-21 20:44:46 | INFO | Data folder: C:/Users/USER/Documents/44671 Streaming Data/buzzline-04-mcruz/data
2025-09-21 20:44:46 | INFO | Data file: C:/Users/USER/Documents/44671 Streaming Data/buzzline-04-mcruz/data/smoker_temps.csv
2025-09-21 20:44:46 | INFO | START producer.
2025-09-21 20:44:46 | INFO | Kafka broker address: localhost:9092
2025-09-21 20:44:46 | INFO | Kafka is ready. Brokers: {'throttle_time_ms': 0, 'brokers': [{'node_id': 1, 'host': 'localhost', 'port': 9092, 'rack': None}], 'cluster_id': 'vFqzhTEhQa6aR7me4AZZ3g', 'controller_id': 1}
2025-09-21 20:44:46 | INFO | Kafka topic: smoker_csv
2025-09-21 20:44:46 | INFO | Message interval: 5 seconds
2025-09-21 20:44:46 | INFO | Kafka broker address: localhost:9092
2025-09-21 20:44:46 | INFO | Connecting to Kafka broker at localhost:9092...
2025-09-21 20:44:46 | INFO | Kafka producer successfully created.
2025-09-21 20:44:46 | INFO | Kafka broker address: localhost:9092
2025-09-21 20:44:47 | INFO | Topic 'smoker_csv' already exists. Recreating fresh...
2025-09-21 20:44:47 | INFO | Requested deletion of topic 'smoker_csv'.
2025-09-21 20:44:47 | INFO | Topic 'smoker_csv' created successfully.
2025-09-21 20:44:47 | INFO | Kafka topic 'smoker_csv' is ready.
2025-09-21 20:44:47 | INFO | Starting message production to topic 'smoker_csv'...
2025-09-21 20:44:47 | INFO | Opening data file in read mode: C:/Users/USER/Documents/44671 Streaming Data/buzzline-04-mcruz/data/smoker_temps.csv
2025-09-21 20:44:47 | INFO | Reading data from file: C:/Users/USER/Documents/44671 Streaming Data/buzzline-04-mcruz/data/smoker_temps.csv
2025-09-21 20:44:47 | INFO | Sent message to topic 'smoker_csv': {'timestamp': '2025-09-22T01:44:47.249427', 'temperature': 70.4}
2025-09-21 20:44:52 | INFO | Sent message to topic 'smoker_csv': {'timestamp': '2025-09-22T01:44:52.252298', 'temperature': 70.8}
2025-09-21 20:44:57 | INFO | Sent message to topic 'smoker_csv': {'timestamp': '2025-09-22T01:44:57.254210', 'temperature': 71.2}
2025-09-21 20:45:02 | INFO | Sent message to topic 'smoker_csv': {'timestamp': '2025-09-22T01:45:02.255842', 'temperature': 71.6}
2025-09-21 20:45:07 | INFO | Sent message to topic 'smoker_csv': {'timestamp': '2025-09-22T01:45:07.257376', 'temperature': 72.0}
2025-09-21 20:45:12 | INFO | Sent message to topic 'smoker_csv': {'timestamp': '2025-09-22T01:45:12.259292', 'temperature': 72.4}
